INFO 2020-07-08 19:17:39,283 autoreload 598 Watching for file changes with StatReloader
INFO 2020-07-08 19:29:51,468 autoreload 222 C:\Users\Administrator\PycharmProjects\baizhi\edu_api\edu_api\settings\develop.py changed, reloading.
INFO 2020-07-08 19:29:52,292 autoreload 598 Watching for file changes with StatReloader
INFO 2020-07-08 19:29:56,288 autoreload 598 Watching for file changes with StatReloader
INFO 2020-07-08 19:30:05,514 autoreload 598 Watching for file changes with StatReloader
INFO 2020-07-08 19:30:08,079 basehttp 157 "GET / HTTP/1.1" 200 16351
WARNING 2020-07-08 19:30:08,232 log 228 Not Found: /favicon.ico
WARNING 2020-07-08 19:30:08,232 basehttp 157 "GET /favicon.ico HTTP/1.1" 404 1973
INFO 2020-07-08 19:30:10,725 basehttp 157 "GET / HTTP/1.1" 200 16351
INFO 2020-07-08 19:30:33,550 basehttp 157 "GET / HTTP/1.1" 200 16351
WARNING 2020-07-08 19:31:36,668 log 228 Not Found: /course/index/
WARNING 2020-07-08 19:31:36,669 basehttp 157 "GET /course/index/ HTTP/1.1" 404 1979
INFO 2020-07-08 19:31:48,779 autoreload 598 Watching for file changes with StatReloader
WARNING 2020-07-08 19:31:57,632 log 228 Not Found: /course/index/
WARNING 2020-07-08 19:31:57,633 basehttp 157 "GET /course/index/ HTTP/1.1" 404 1979
INFO 2020-07-08 19:32:45,067 autoreload 598 Watching for file changes with StatReloader
INFO 2020-07-08 19:32:49,542 basehttp 157 "GET / HTTP/1.1" 200 16351
WARNING 2020-07-08 19:32:54,955 log 228 Not Found: /1
WARNING 2020-07-08 19:32:54,956 basehttp 157 "GET /1 HTTP/1.1" 404 1943
INFO 2020-07-08 19:35:01,404 autoreload 598 Watching for file changes with StatReloader
INFO 2020-07-08 19:45:45,053 autoreload 222 C:\Users\Administrator\PycharmProjects\baizhi\edu_api\edu_api\settings\develop.py changed, reloading.
INFO 2020-07-08 19:45:45,735 autoreload 598 Watching for file changes with StatReloader
INFO 2020-07-08 19:46:08,203 autoreload 598 Watching for file changes with StatReloader
INFO 2020-07-08 21:01:18,355 autoreload 598 Watching for file changes with StatReloader
INFO 2020-07-08 21:01:53,232 autoreload 222 C:\Users\Administrator\PycharmProjects\baizhi\edu_api\edu_api\settings\develop.py changed, reloading.
INFO 2020-07-08 21:01:54,082 autoreload 598 Watching for file changes with StatReloader
ERROR 2020-07-08 21:01:59,672 exception 77 Invalid HTTP_HOST header: '127.0.0.1:8000'. You may need to add '127.0.0.1' to ALLOWED_HOSTS.
WARNING 2020-07-08 21:01:59,788 log 228 Bad Request: /
WARNING 2020-07-08 21:01:59,789 basehttp 157 "GET / HTTP/1.1" 400 66782
ERROR 2020-07-08 21:02:00,033 exception 77 Invalid HTTP_HOST header: '127.0.0.1:8000'. You may need to add '127.0.0.1' to ALLOWED_HOSTS.
WARNING 2020-07-08 21:02:00,070 log 228 Bad Request: /favicon.ico
WARNING 2020-07-08 21:02:00,071 basehttp 157 "GET /favicon.ico HTTP/1.1" 400 66693
ERROR 2020-07-08 21:02:09,097 exception 77 Invalid HTTP_HOST header: 'api.baizhishop.com:8000'. You may need to add 'api.baizhishop.com' to ALLOWED_HOSTS.
WARNING 2020-07-08 21:02:09,131 log 228 Bad Request: /
WARNING 2020-07-08 21:02:09,133 basehttp 157 "GET / HTTP/1.1" 400 65608
ERROR 2020-07-08 21:02:09,373 exception 77 Invalid HTTP_HOST header: 'api.baizhishop.com:8000'. You may need to add 'api.baizhishop.com' to ALLOWED_HOSTS.
WARNING 2020-07-08 21:02:09,416 log 228 Bad Request: /favicon.ico
WARNING 2020-07-08 21:02:09,417 basehttp 157 "GET /favicon.ico HTTP/1.1" 400 65656
INFO 2020-07-08 21:03:24,723 autoreload 598 Watching for file changes with StatReloader
INFO 2020-07-08 21:03:27,951 basehttp 157 "GET / HTTP/1.1" 200 16351
INFO 2020-07-08 21:03:27,975 basehttp 157 "GET /static/admin/css/fonts.css HTTP/1.1" 200 423
INFO 2020-07-08 21:03:28,041 basehttp 157 "GET /static/admin/fonts/Roboto-Regular-webfont.woff HTTP/1.1" 200 85876
INFO 2020-07-08 21:03:28,042 basehttp 157 "GET /static/admin/fonts/Roboto-Bold-webfont.woff HTTP/1.1" 200 86184
WARNING 2020-07-08 21:03:28,047 log 228 Not Found: /favicon.ico
WARNING 2020-07-08 21:03:28,047 basehttp 157 "GET /favicon.ico HTTP/1.1" 404 1982
INFO 2020-07-08 21:03:28,048 basehttp 157 "GET /static/admin/fonts/Roboto-Light-webfont.woff HTTP/1.1" 200 85692
INFO 2020-07-08 21:32:04,171 autoreload 222 C:\Users\Administrator\PycharmProjects\baizhi\edu_api\edu_api\settings\develop.py changed, reloading.
INFO 2020-07-08 21:32:05,298 autoreload 598 Watching for file changes with StatReloader
INFO 2020-07-08 21:35:40,048 autoreload 222 C:\Users\Administrator\PycharmProjects\baizhi\edu_api\edu_api\settings\develop.py changed, reloading.
INFO 2020-07-08 21:35:40,959 autoreload 598 Watching for file changes with StatReloader
INFO 2020-07-08 21:35:47,587 autoreload 598 Watching for file changes with StatReloader
INFO 2020-07-08 21:37:49,213 autoreload 222 C:\Users\Administrator\PycharmProjects\baizhi\edu_api\edu_api\urls.py changed, reloading.
INFO 2020-07-08 21:37:50,052 autoreload 598 Watching for file changes with StatReloader
INFO 2020-07-08 21:37:56,797 autoreload 598 Watching for file changes with StatReloader
INFO 2020-07-08 21:40:50,250 autoreload 222 C:\Users\Administrator\PycharmProjects\baizhi\edu_api\edu_api\settings\develop.py changed, reloading.
INFO 2020-07-08 21:40:51,122 autoreload 598 Watching for file changes with StatReloader
INFO 2020-07-08 21:41:00,668 autoreload 598 Watching for file changes with StatReloader
INFO 2020-07-08 21:42:58,129 autoreload 222 C:\Users\Administrator\PycharmProjects\baizhi\edu_api\edu_api\settings\develop.py changed, reloading.
INFO 2020-07-08 21:42:59,044 autoreload 598 Watching for file changes with StatReloader
INFO 2020-07-08 21:43:50,199 autoreload 222 C:\Users\Administrator\PycharmProjects\baizhi\edu_api\edu_api\settings\develop.py changed, reloading.
INFO 2020-07-08 21:43:51,016 autoreload 598 Watching for file changes with StatReloader
INFO 2020-07-08 22:25:35,098 autoreload 222 C:\Users\Administrator\PycharmProjects\baizhi\edu_api\edu_api\settings\develop.py changed, reloading.
INFO 2020-07-08 22:25:35,892 autoreload 598 Watching for file changes with StatReloader
INFO 2020-07-08 22:25:54,417 autoreload 598 Watching for file changes with StatReloader
INFO 2020-07-08 22:31:35,486 autoreload 598 Watching for file changes with StatReloader
INFO 2020-07-08 22:36:40,227 autoreload 222 C:\Users\Administrator\AppData\Local\Programs\Python\Python36\Lib\site-packages\django\__init__.py changed, reloading.
ERROR 2020-07-08 23:12:59,955 exception 74 Invalid HTTP_HOST header: '127.0.0.1:8000'. You may need to add '127.0.0.1' to ALLOWED_HOSTS.
WARNING 2020-07-08 23:12:59,986 basehttp 124 "GET / HTTP/1.1" 400 66795
ERROR 2020-07-08 23:13:00,288 exception 74 Invalid HTTP_HOST header: '127.0.0.1:8000'. You may need to add '127.0.0.1' to ALLOWED_HOSTS.
WARNING 2020-07-08 23:13:00,315 basehttp 124 "GET /favicon.ico HTTP/1.1" 400 66708
WARNING 2020-07-08 23:13:13,024 base 93 Not Found: /
WARNING 2020-07-08 23:13:13,025 basehttp 124 "GET / HTTP/1.1" 404 2056
WARNING 2020-07-08 23:13:13,102 base 93 Not Found: /favicon.ico
WARNING 2020-07-08 23:13:13,103 basehttp 124 "GET /favicon.ico HTTP/1.1" 404 2107
INFO 2020-07-08 23:13:20,883 basehttp 124 "GET /xadmin HTTP/1.1" 301 0
INFO 2020-07-08 23:13:20,963 basehttp 124 "GET /xadmin/ HTTP/1.1" 200 4167
INFO 2020-07-08 23:13:21,003 basehttp 124 "GET /static/xadmin/css/xadmin.plugins.css HTTP/1.1" 200 175
INFO 2020-07-08 23:13:21,005 basehttp 124 "GET /static/xadmin/css/xadmin.responsive.css HTTP/1.1" 200 4361
INFO 2020-07-08 23:13:21,005 basehttp 124 "GET /static/xadmin/css/xadmin.main.css HTTP/1.1" 200 8376
INFO 2020-07-08 23:13:21,009 basehttp 124 "GET /static/xadmin/css/themes/bootstrap-xadmin.css HTTP/1.1" 200 1888
INFO 2020-07-08 23:13:21,025 basehttp 124 "GET /xadmin/jsi18n/ HTTP/1.1" 200 4174
INFO 2020-07-08 23:13:21,030 basehttp 124 "GET /static/xadmin/vendor/jquery-ui/jquery.ui.mouse.js HTTP/1.1" 200 4561
INFO 2020-07-08 23:13:21,036 basehttp 124 "GET /static/xadmin/vendor/jquery-ui/jquery.ui.core.js HTTP/1.1" 200 8195
INFO 2020-07-08 23:13:21,037 basehttp 124 "GET /static/xadmin/vendor/font-awesome/css/font-awesome.css HTTP/1.1" 200 21658
INFO 2020-07-08 23:13:21,045 basehttp 124 "GET /static/xadmin/js/xadmin.responsive.js HTTP/1.1" 200 4165
INFO 2020-07-08 23:13:21,047 basehttp 124 "GET /static/xadmin/js/xadmin.main.js HTTP/1.1" 200 3401
INFO 2020-07-08 23:13:21,056 basehttp 124 "GET /static/xadmin/vendor/bootstrap/css/bootstrap.css HTTP/1.1" 200 126432
INFO 2020-07-08 23:13:21,074 basehttp 124 "GET /static/xadmin/vendor/jquery-ui/jquery.ui.sortable.js HTTP/1.1" 200 42543
INFO 2020-07-08 23:13:21,098 basehttp 124 "GET /static/xadmin/vendor/bootstrap/js/bootstrap.js HTTP/1.1" 200 58327
INFO 2020-07-08 23:13:21,102 basehttp 124 "GET /static/xadmin/vendor/jquery-ui/jquery.ui.widget.js HTTP/1.1" 200 15069
INFO 2020-07-08 23:13:21,119 basehttp 124 "GET /static/xadmin/vendor/jquery/jquery.js HTTP/1.1" 200 240196
INFO 2020-07-08 23:13:21,231 basehttp 124 "GET /static/xadmin/vendor/font-awesome/fonts/fontawesome-webfont.woff?v=4.0.3 HTTP/1.1" 200 44432
INFO 2020-07-08 23:17:11,878 basehttp 124 "POST /xadmin/ HTTP/1.1" 302 0
INFO 2020-07-08 23:17:14,017 basehttp 124 "GET /xadmin/ HTTP/1.1" 200 9843
INFO 2020-07-08 23:17:14,053 basehttp 124 "GET /static/xadmin/css/xadmin.page.dashboard.css HTTP/1.1" 200 790
INFO 2020-07-08 23:17:14,054 basehttp 124 "GET /static/xadmin/css/xadmin.plugins.css HTTP/1.1" 304 0
INFO 2020-07-08 23:17:14,055 basehttp 124 "GET /static/xadmin/vendor/bootstrap/css/bootstrap.css HTTP/1.1" 304 0
INFO 2020-07-08 23:17:14,055 basehttp 124 "GET /static/xadmin/css/themes/bootstrap-xadmin.css HTTP/1.1" 304 0
INFO 2020-07-08 23:17:14,055 basehttp 124 "GET /static/xadmin/css/xadmin.main.css HTTP/1.1" 304 0
INFO 2020-07-08 23:17:14,056 basehttp 124 "GET /static/xadmin/vendor/font-awesome/css/font-awesome.css HTTP/1.1" 304 0
INFO 2020-07-08 23:17:14,060 basehttp 124 "GET /static/xadmin/css/xadmin.responsive.css HTTP/1.1" 304 0
INFO 2020-07-08 23:17:14,065 basehttp 124 "GET /static/xadmin/vendor/jquery/jquery.js HTTP/1.1" 304 0
INFO 2020-07-08 23:17:14,068 basehttp 124 "GET /static/xadmin/vendor/jquery-ui/jquery.ui.core.js HTTP/1.1" 304 0
INFO 2020-07-08 23:17:14,077 basehttp 124 "GET /static/xadmin/vendor/jquery-ui/jquery.ui.widget.js HTTP/1.1" 304 0
INFO 2020-07-08 23:17:14,081 basehttp 124 "GET /static/xadmin/vendor/jquery-ui/jquery.ui.mouse.js HTTP/1.1" 304 0
INFO 2020-07-08 23:17:14,082 basehttp 124 "GET /static/xadmin/vendor/jquery-ui/jquery.ui.sortable.js HTTP/1.1" 304 0
INFO 2020-07-08 23:17:14,082 basehttp 124 "GET /static/xadmin/vendor/bootstrap/js/bootstrap.js HTTP/1.1" 304 0
INFO 2020-07-08 23:17:14,083 basehttp 124 "GET /static/xadmin/js/xadmin.main.js HTTP/1.1" 304 0
INFO 2020-07-08 23:17:14,083 basehttp 124 "GET /static/xadmin/js/xadmin.responsive.js HTTP/1.1" 304 0
INFO 2020-07-08 23:17:14,098 basehttp 124 "GET /static/xadmin/js/xadmin.plugin.portal.js HTTP/1.1" 200 1000
INFO 2020-07-08 23:17:14,099 basehttp 124 "GET /static/xadmin/js/xadmin.page.dashboard.js HTTP/1.1" 200 3208
INFO 2020-07-08 23:17:16,116 basehttp 124 "GET /xadmin/jsi18n/ HTTP/1.1" 200 3185
INFO 2020-07-08 23:17:16,126 basehttp 124 "GET /static/xadmin/vendor/font-awesome/fonts/fontawesome-webfont.woff?v=4.0.3 HTTP/1.1" 304 0
INFO 2020-07-08 23:19:23,602 basehttp 124 "GET /xadmin/ HTTP/1.1" 200 9832
INFO 2020-07-08 23:19:23,633 basehttp 124 "GET /static/xadmin/vendor/bootstrap/css/bootstrap.css HTTP/1.1" 304 0
INFO 2020-07-08 23:19:23,640 basehttp 124 "GET /static/xadmin/css/themes/bootstrap-xadmin.css HTTP/1.1" 304 0
INFO 2020-07-08 23:19:23,644 basehttp 124 "GET /static/xadmin/vendor/font-awesome/css/font-awesome.css HTTP/1.1" 304 0
INFO 2020-07-08 23:19:23,651 basehttp 124 "GET /static/xadmin/css/xadmin.plugins.css HTTP/1.1" 304 0
INFO 2020-07-08 23:19:23,656 basehttp 124 "GET /static/xadmin/css/xadmin.page.dashboard.css HTTP/1.1" 304 0
INFO 2020-07-08 23:19:23,656 basehttp 124 "GET /static/xadmin/css/xadmin.responsive.css HTTP/1.1" 304 0
INFO 2020-07-08 23:19:23,678 basehttp 124 "GET /static/xadmin/css/xadmin.main.css HTTP/1.1" 304 0
INFO 2020-07-08 23:19:23,681 basehttp 124 "GET /static/xadmin/vendor/jquery-ui/jquery.ui.core.js HTTP/1.1" 304 0
INFO 2020-07-08 23:19:23,682 basehttp 124 "GET /static/xadmin/vendor/jquery/jquery.js HTTP/1.1" 304 0
INFO 2020-07-08 23:19:23,684 basehttp 124 "GET /static/xadmin/vendor/jquery-ui/jquery.ui.widget.js HTTP/1.1" 304 0
INFO 2020-07-08 23:19:23,689 basehttp 124 "GET /static/xadmin/js/xadmin.responsive.js HTTP/1.1" 304 0
INFO 2020-07-08 23:19:23,690 basehttp 124 "GET /static/xadmin/vendor/bootstrap/js/bootstrap.js HTTP/1.1" 304 0
INFO 2020-07-08 23:19:23,698 basehttp 124 "GET /static/xadmin/js/xadmin.plugin.portal.js HTTP/1.1" 304 0
INFO 2020-07-08 23:19:23,690 basehttp 124 "GET /static/xadmin/vendor/jquery-ui/jquery.ui.mouse.js HTTP/1.1" 304 0
INFO 2020-07-08 23:19:23,712 basehttp 124 "GET /static/xadmin/js/xadmin.main.js HTTP/1.1" 304 0
INFO 2020-07-08 23:19:23,712 basehttp 124 "GET /static/xadmin/vendor/jquery-ui/jquery.ui.sortable.js HTTP/1.1" 304 0
INFO 2020-07-08 23:19:23,712 basehttp 124 "GET /static/xadmin/js/xadmin.page.dashboard.js HTTP/1.1" 304 0
INFO 2020-07-08 23:19:25,704 basehttp 124 "GET /xadmin/jsi18n/ HTTP/1.1" 200 7684
INFO 2020-07-08 23:19:25,718 basehttp 124 "GET /static/xadmin/vendor/font-awesome/fonts/fontawesome-webfont.woff?v=4.0.3 HTTP/1.1" 304 0
INFO 2020-07-08 23:20:52,972 basehttp 124 "GET /xadmin/auth/permission/ HTTP/1.1" 200 84752
INFO 2020-07-08 23:20:53,010 basehttp 124 "GET /static/xadmin/css/xadmin.form.css HTTP/1.1" 200 3763
INFO 2020-07-08 23:20:53,028 basehttp 124 "GET /static/xadmin/js/xadmin.plugin.filters.js HTTP/1.1" 200 1990
INFO 2020-07-08 23:20:53,029 basehttp 124 "GET /static/xadmin/js/xadmin.plugin.bookmark.js HTTP/1.1" 200 529
INFO 2020-07-08 23:20:53,033 basehttp 124 "GET /static/xadmin/js/xadmin.page.list.js HTTP/1.1" 200 1105
INFO 2020-07-08 23:20:53,033 basehttp 124 "GET /static/xadmin/js/xadmin.plugin.details.js HTTP/1.1" 200 2319
INFO 2020-07-08 23:20:53,037 basehttp 124 "GET /static/xadmin/js/xadmin.plugin.actions.js HTTP/1.1" 200 4198
INFO 2020-07-08 23:20:53,038 basehttp 124 "GET /static/xadmin/js/xadmin.page.form.js HTTP/1.1" 200 1948
INFO 2020-07-08 23:20:55,038 basehttp 124 "GET /xadmin/jsi18n/ HTTP/1.1" 200 7684
INFO 2020-07-08 23:21:07,717 basehttp 124 "GET /xadmin/auth/user/ HTTP/1.1" 200 29398
INFO 2020-07-08 23:21:09,753 basehttp 124 "GET /xadmin/jsi18n/ HTTP/1.1" 200 7684
INFO 2020-07-08 23:21:15,986 basehttp 124 "GET /xadmin/auth/user/1/update/ HTTP/1.1" 200 23467
INFO 2020-07-08 23:21:16,007 basehttp 124 "GET /static/xadmin/vendor/bootstrap-datepicker/css/datepicker.css HTTP/1.1" 200 10225
INFO 2020-07-08 23:21:16,011 basehttp 124 "GET /static/xadmin/vendor/bootstrap-clockpicker/bootstrap-clockpicker.css HTTP/1.1" 200 3729
INFO 2020-07-08 23:21:16,012 basehttp 124 "GET /static/xadmin/css/xadmin.widget.select-transfer.css HTTP/1.1" 200 2317
INFO 2020-07-08 23:21:16,024 basehttp 124 "GET /static/xadmin/js/xadmin.widget.datetime.js HTTP/1.1" 200 2979
INFO 2020-07-08 23:21:16,035 basehttp 124 "GET /static/xadmin/vendor/bootstrap-datepicker/js/bootstrap-datepicker.js HTTP/1.1" 200 32656
INFO 2020-07-08 23:21:16,036 basehttp 124 "GET /static/xadmin/vendor/bootstrap-clockpicker/bootstrap-clockpicker.js HTTP/1.1" 200 21112
INFO 2020-07-08 23:21:16,042 basehttp 124 "GET /static/xadmin/js/xadmin.plugin.quick-form.js HTTP/1.1" 200 7546
INFO 2020-07-08 23:21:16,043 basehttp 124 "GET /static/xadmin/js/xadmin.widget.select-transfer.js HTTP/1.1" 200 8214
INFO 2020-07-08 23:21:18,078 basehttp 124 "GET /xadmin/jsi18n/ HTTP/1.1" 200 7684
INFO 2020-07-08 23:21:27,507 basehttp 124 "GET /xadmin/auth/group/ HTTP/1.1" 200 19055
INFO 2020-07-08 23:21:27,530 basehttp 124 "GET /static/xadmin/vendor/bootstrap/css/bootstrap.css HTTP/1.1" 304 0
INFO 2020-07-08 23:21:27,539 basehttp 124 "GET /static/xadmin/css/themes/bootstrap-xadmin.css HTTP/1.1" 304 0
INFO 2020-07-08 23:21:27,540 basehttp 124 "GET /static/xadmin/css/xadmin.main.css HTTP/1.1" 304 0
INFO 2020-07-08 23:21:27,542 basehttp 124 "GET /static/xadmin/css/xadmin.plugins.css HTTP/1.1" 304 0
INFO 2020-07-08 23:21:27,542 basehttp 124 "GET /static/xadmin/vendor/font-awesome/css/font-awesome.css HTTP/1.1" 304 0
INFO 2020-07-08 23:21:27,544 basehttp 124 "GET /static/xadmin/css/xadmin.responsive.css HTTP/1.1" 304 0
INFO 2020-07-08 23:21:27,547 basehttp 124 "GET /static/xadmin/vendor/jquery/jquery.js HTTP/1.1" 304 0
INFO 2020-07-08 23:21:27,559 basehttp 124 "GET /static/xadmin/vendor/jquery-ui/jquery.ui.widget.js HTTP/1.1" 304 0
INFO 2020-07-08 23:21:27,563 basehttp 124 "GET /static/xadmin/vendor/jquery-ui/jquery.ui.sortable.js HTTP/1.1" 304 0
INFO 2020-07-08 23:21:27,563 basehttp 124 "GET /static/xadmin/vendor/jquery-ui/jquery.ui.core.js HTTP/1.1" 304 0
INFO 2020-07-08 23:21:27,564 basehttp 124 "GET /static/xadmin/vendor/bootstrap/js/bootstrap.js HTTP/1.1" 304 0
INFO 2020-07-08 23:21:27,566 basehttp 124 "GET /static/xadmin/vendor/jquery-ui/jquery.ui.mouse.js HTTP/1.1" 304 0
INFO 2020-07-08 23:21:27,573 basehttp 124 "GET /static/xadmin/js/xadmin.responsive.js HTTP/1.1" 304 0
INFO 2020-07-08 23:21:27,574 basehttp 124 "GET /static/xadmin/js/xadmin.main.js HTTP/1.1" 304 0
INFO 2020-07-08 23:21:29,585 basehttp 124 "GET /xadmin/jsi18n/ HTTP/1.1" 200 7684
INFO 2020-07-08 23:25:44,731 basehttp 124 "GET /xadmin/auth/group/ HTTP/1.1" 200 22461
INFO 2020-07-08 23:25:44,785 basehttp 124 "GET /static/xadmin/vendor/bootstrap/css/bootstrap.css HTTP/1.1" 304 0
INFO 2020-07-08 23:25:44,787 basehttp 124 "GET /static/xadmin/css/xadmin.main.css HTTP/1.1" 304 0
INFO 2020-07-08 23:25:44,787 basehttp 124 "GET /static/xadmin/vendor/font-awesome/css/font-awesome.css HTTP/1.1" 304 0
INFO 2020-07-08 23:25:44,791 basehttp 124 "GET /static/xadmin/css/xadmin.plugins.css HTTP/1.1" 304 0
INFO 2020-07-08 23:25:44,792 basehttp 124 "GET /static/xadmin/css/xadmin.responsive.css HTTP/1.1" 304 0
INFO 2020-07-08 23:25:44,793 basehttp 124 "GET /static/xadmin/css/themes/bootstrap-xadmin.css HTTP/1.1" 304 0
INFO 2020-07-08 23:25:44,808 basehttp 124 "GET /static/xadmin/css/xadmin.form.css HTTP/1.1" 304 0
INFO 2020-07-08 23:25:44,819 basehttp 124 "GET /static/xadmin/js/xadmin.plugin.themes.js HTTP/1.1" 200 3489
INFO 2020-07-08 23:25:44,824 basehttp 124 "GET /static/xadmin/vendor/jquery-ui/jquery.ui.core.js HTTP/1.1" 304 0
INFO 2020-07-08 23:25:44,825 basehttp 124 "GET /static/xadmin/vendor/jquery-ui/jquery.ui.effect.js HTTP/1.1" 200 31918
INFO 2020-07-08 23:25:44,826 basehttp 124 "GET /static/xadmin/vendor/jquery/jquery.js HTTP/1.1" 304 0
INFO 2020-07-08 23:25:44,833 basehttp 124 "GET /static/xadmin/vendor/jquery-ui/jquery.ui.widget.js HTTP/1.1" 304 0
INFO 2020-07-08 23:25:44,840 basehttp 124 "GET /static/xadmin/vendor/jquery-ui/jquery.ui.sortable.js HTTP/1.1" 304 0
INFO 2020-07-08 23:25:44,848 basehttp 124 "GET /static/xadmin/vendor/bootstrap/js/bootstrap.js HTTP/1.1" 304 0
INFO 2020-07-08 23:25:44,849 basehttp 124 "GET /static/xadmin/js/xadmin.main.js HTTP/1.1" 304 0
INFO 2020-07-08 23:25:44,850 basehttp 124 "GET /static/xadmin/js/xadmin.plugin.details.js HTTP/1.1" 304 0
INFO 2020-07-08 23:25:44,851 basehttp 124 "GET /static/xadmin/js/xadmin.plugin.bookmark.js HTTP/1.1" 304 0
INFO 2020-07-08 23:25:44,854 basehttp 124 "GET /static/xadmin/js/xadmin.responsive.js HTTP/1.1" 304 0
INFO 2020-07-08 23:25:44,856 basehttp 124 "GET /static/xadmin/js/xadmin.page.list.js HTTP/1.1" 304 0
INFO 2020-07-08 23:25:44,857 basehttp 124 "GET /static/xadmin/js/xadmin.page.form.js HTTP/1.1" 304 0
INFO 2020-07-08 23:25:44,862 basehttp 124 "GET /static/xadmin/vendor/jquery-ui/jquery.ui.mouse.js HTTP/1.1" 304 0
INFO 2020-07-08 23:25:44,865 basehttp 124 "GET /static/xadmin/js/xadmin.plugin.filters.js HTTP/1.1" 304 0
INFO 2020-07-08 23:25:46,852 basehttp 124 "GET /xadmin/jsi18n/ HTTP/1.1" 200 7684
INFO 2020-07-08 23:25:46,865 basehttp 124 "GET /static/xadmin/vendor/font-awesome/fonts/fontawesome-webfont.woff?v=4.0.3 HTTP/1.1" 304 0
INFO 2020-07-08 23:31:30,843 basehttp 124 "GET /xadmin/auth/group/ HTTP/1.1" 200 23592
ERROR 2020-07-08 23:31:30,844 basehttp 124 "GET /xadmin/auth/group/ HTTP/1.1" 500 59
INFO 2020-07-08 23:31:55,436 basehttp 124 "GET /xadmin/auth/group/ HTTP/1.1" 200 23592
INFO 2020-07-08 23:31:55,480 basehttp 124 "GET /static/xadmin/vendor/bootstrap/css/bootstrap.css HTTP/1.1" 304 0
INFO 2020-07-08 23:31:55,485 basehttp 124 "GET /static/xadmin/css/themes/bootstrap-xadmin.css HTTP/1.1" 304 0
INFO 2020-07-08 23:31:55,489 basehttp 124 "GET /static/xadmin/vendor/font-awesome/css/font-awesome.css HTTP/1.1" 304 0
INFO 2020-07-08 23:31:55,495 basehttp 124 "GET /static/xadmin/css/xadmin.main.css HTTP/1.1" 304 0
INFO 2020-07-08 23:31:55,496 basehttp 124 "GET /static/xadmin/css/xadmin.plugins.css HTTP/1.1" 304 0
INFO 2020-07-08 23:31:55,504 basehttp 124 "GET /static/xadmin/css/xadmin.responsive.css HTTP/1.1" 304 0
INFO 2020-07-08 23:31:55,507 basehttp 124 "GET /static/xadmin/css/xadmin.form.css HTTP/1.1" 304 0
INFO 2020-07-08 23:31:55,507 basehttp 124 "GET /static/xadmin/vendor/jquery/jquery.js HTTP/1.1" 304 0
INFO 2020-07-08 23:31:55,508 basehttp 124 "GET /static/xadmin/vendor/jquery-ui/jquery.ui.core.js HTTP/1.1" 304 0
INFO 2020-07-08 23:31:55,510 basehttp 124 "GET /static/xadmin/vendor/jquery-ui/jquery.ui.widget.js HTTP/1.1" 304 0
INFO 2020-07-08 23:31:55,515 basehttp 124 "GET /static/xadmin/vendor/jquery-ui/jquery.ui.mouse.js HTTP/1.1" 304 0
INFO 2020-07-08 23:31:55,522 basehttp 124 "GET /static/xadmin/vendor/bootstrap/js/bootstrap.js HTTP/1.1" 304 0
INFO 2020-07-08 23:31:55,525 basehttp 124 "GET /static/xadmin/vendor/jquery-ui/jquery.ui.sortable.js HTTP/1.1" 304 0
INFO 2020-07-08 23:31:55,527 basehttp 124 "GET /static/xadmin/js/xadmin.main.js HTTP/1.1" 304 0
INFO 2020-07-08 23:31:55,533 basehttp 124 "GET /static/xadmin/js/xadmin.responsive.js HTTP/1.1" 304 0
INFO 2020-07-08 23:31:55,534 basehttp 124 "GET /static/xadmin/js/xadmin.plugin.themes.js HTTP/1.1" 304 0
INFO 2020-07-08 23:31:55,538 basehttp 124 "GET /static/xadmin/vendor/jquery-ui/jquery.ui.effect.js HTTP/1.1" 304 0
INFO 2020-07-08 23:31:55,546 basehttp 124 "GET /static/xadmin/js/xadmin.plugin.details.js HTTP/1.1" 304 0
INFO 2020-07-08 23:31:55,546 basehttp 124 "GET /static/xadmin/js/xadmin.plugin.bookmark.js HTTP/1.1" 304 0
INFO 2020-07-08 23:31:55,547 basehttp 124 "GET /static/xadmin/js/xadmin.page.list.js HTTP/1.1" 304 0
INFO 2020-07-08 23:31:55,550 basehttp 124 "GET /static/xadmin/js/xadmin.plugin.filters.js HTTP/1.1" 304 0
INFO 2020-07-08 23:31:55,550 basehttp 124 "GET /static/xadmin/js/xadmin.page.form.js HTTP/1.1" 304 0
INFO 2020-07-08 23:31:57,519 basehttp 124 "GET /xadmin/jsi18n/ HTTP/1.1" 200 7684
INFO 2020-07-08 23:31:57,639 basehttp 124 "GET /static/xadmin/vendor/font-awesome/fonts/fontawesome-webfont.woff?v=4.0.3 HTTP/1.1" 304 0
INFO 2020-07-08 23:32:05,171 basehttp 124 "GET /xadmin/home/banner/ HTTP/1.1" 200 23874
INFO 2020-07-08 23:32:07,207 basehttp 124 "GET /xadmin/jsi18n/ HTTP/1.1" 200 7684
INFO 2020-07-08 23:32:12,050 basehttp 124 "GET /xadmin/home/banner/add/ HTTP/1.1" 200 19459
INFO 2020-07-08 23:32:12,076 basehttp 124 "GET /static/xadmin/vendor/bootstrap-image-gallery/css/bootstrap-image-gallery.css HTTP/1.1" 200 3339
INFO 2020-07-08 23:32:12,082 basehttp 124 "GET /static/xadmin/vendor/bootstrap-image-gallery/js/bootstrap-image-gallery.js HTTP/1.1" 200 15611
INFO 2020-07-08 23:32:12,084 basehttp 124 "GET /static/xadmin/vendor/load-image/load-image.js HTTP/1.1" 200 8309
INFO 2020-07-08 23:32:12,085 basehttp 124 "GET /static/xadmin/js/xadmin.plugin.portal.js HTTP/1.1" 304 0
INFO 2020-07-08 23:32:14,105 basehttp 124 "GET /xadmin/jsi18n/ HTTP/1.1" 200 7684
INFO 2020-07-08 23:33:45,544 basehttp 124 "POST /xadmin/home/banner/add/ HTTP/1.1" 302 0
INFO 2020-07-08 23:33:47,635 basehttp 124 "GET /xadmin/home/banner/add/ HTTP/1.1" 200 19799
INFO 2020-07-08 23:33:49,663 basehttp 124 "GET /xadmin/jsi18n/ HTTP/1.1" 200 7684
INFO 2020-07-08 23:35:19,643 basehttp 124 "POST /xadmin/home/banner/add/ HTTP/1.1" 302 0
INFO 2020-07-08 23:35:21,727 basehttp 124 "GET /xadmin/home/banner/add/ HTTP/1.1" 200 19805
INFO 2020-07-08 23:35:21,761 basehttp 124 "GET /static/xadmin/vendor/bootstrap/css/bootstrap.css HTTP/1.1" 304 0
INFO 2020-07-08 23:35:21,765 basehttp 124 "GET /static/xadmin/vendor/font-awesome/css/font-awesome.css HTTP/1.1" 304 0
INFO 2020-07-08 23:35:21,767 basehttp 124 "GET /static/xadmin/css/themes/bootstrap-xadmin.css HTTP/1.1" 304 0
INFO 2020-07-08 23:35:21,769 basehttp 124 "GET /static/xadmin/css/xadmin.main.css HTTP/1.1" 304 0
INFO 2020-07-08 23:35:21,773 basehttp 124 "GET /static/xadmin/css/xadmin.plugins.css HTTP/1.1" 304 0
INFO 2020-07-08 23:35:21,775 basehttp 124 "GET /static/xadmin/css/xadmin.responsive.css HTTP/1.1" 304 0
INFO 2020-07-08 23:35:21,777 basehttp 124 "GET /static/xadmin/css/xadmin.form.css HTTP/1.1" 304 0
INFO 2020-07-08 23:35:21,783 basehttp 124 "GET /static/xadmin/vendor/jquery/jquery.js HTTP/1.1" 304 0
INFO 2020-07-08 23:35:21,791 basehttp 124 "GET /static/xadmin/vendor/jquery-ui/jquery.ui.core.js HTTP/1.1" 304 0
INFO 2020-07-08 23:35:21,795 basehttp 124 "GET /static/xadmin/js/xadmin.main.js HTTP/1.1" 304 0
INFO 2020-07-08 23:35:21,801 basehttp 124 "GET /static/xadmin/js/xadmin.responsive.js HTTP/1.1" 304 0
INFO 2020-07-08 23:35:21,805 basehttp 124 "GET /static/xadmin/js/xadmin.plugin.themes.js HTTP/1.1" 304 0
INFO 2020-07-08 23:35:21,809 basehttp 124 "GET /static/xadmin/vendor/jquery-ui/jquery.ui.widget.js HTTP/1.1" 304 0
INFO 2020-07-08 23:35:21,810 basehttp 124 "GET /static/xadmin/js/xadmin.page.form.js HTTP/1.1" 304 0
INFO 2020-07-08 23:35:21,815 basehttp 124 "GET /static/xadmin/vendor/jquery-ui/jquery.ui.effect.js HTTP/1.1" 304 0
INFO 2020-07-08 23:35:21,823 basehttp 124 "GET /static/xadmin/vendor/jquery-ui/jquery.ui.mouse.js HTTP/1.1" 304 0
INFO 2020-07-08 23:35:21,824 basehttp 124 "GET /static/xadmin/vendor/bootstrap/js/bootstrap.js HTTP/1.1" 304 0
INFO 2020-07-08 23:35:21,827 basehttp 124 "GET /static/xadmin/vendor/jquery-ui/jquery.ui.sortable.js HTTP/1.1" 304 0
INFO 2020-07-08 23:35:23,822 basehttp 124 "GET /xadmin/jsi18n/ HTTP/1.1" 200 7684
INFO 2020-07-08 23:35:56,394 basehttp 124 "POST /xadmin/home/banner/add/ HTTP/1.1" 302 0
INFO 2020-07-08 23:35:58,510 basehttp 124 "GET /xadmin/home/banner/ HTTP/1.1" 200 26677
INFO 2020-07-08 23:35:58,544 basehttp 124 "GET /static/xadmin/js/xadmin.plugin.bookmark.js HTTP/1.1" 304 0
INFO 2020-07-08 23:35:58,544 basehttp 124 "GET /static/xadmin/js/xadmin.plugin.details.js HTTP/1.1" 304 0
INFO 2020-07-08 23:35:58,549 basehttp 124 "GET /static/xadmin/js/xadmin.page.list.js HTTP/1.1" 304 0
INFO 2020-07-08 23:35:58,550 basehttp 124 "GET /static/xadmin/js/xadmin.plugin.actions.js HTTP/1.1" 304 0
INFO 2020-07-08 23:35:58,552 basehttp 124 "GET /static/xadmin/js/xadmin.plugin.filters.js HTTP/1.1" 304 0
INFO 2020-07-08 23:36:00,556 basehttp 124 "GET /xadmin/jsi18n/ HTTP/1.1" 200 7684
INFO 2020-07-08 23:36:06,955 basehttp 124 "GET /xadmin/home/banner/3/update/ HTTP/1.1" 200 19946
INFO 2020-07-08 23:36:06,989 basehttp 124 "GET /static/xadmin/vendor/bootstrap-image-gallery/css/bootstrap-image-gallery.css HTTP/1.1" 304 0
INFO 2020-07-08 23:36:07,009 basehttp 124 "GET /static/xadmin/vendor/load-image/load-image.js HTTP/1.1" 304 0
INFO 2020-07-08 23:36:07,020 basehttp 124 "GET /static/xadmin/vendor/bootstrap-image-gallery/js/bootstrap-image-gallery.js HTTP/1.1" 304 0
INFO 2020-07-08 23:36:07,026 basehttp 124 "GET /static/xadmin/js/xadmin.plugin.portal.js HTTP/1.1" 304 0
INFO 2020-07-08 23:36:07,052 basehttp 124 "GET /media/banner/03.png HTTP/1.1" 200 745382
INFO 2020-07-08 23:36:09,006 basehttp 124 "GET /xadmin/jsi18n/ HTTP/1.1" 200 7684
INFO 2020-07-08 23:36:15,339 basehttp 124 "GET /xadmin/home/banner/ HTTP/1.1" 200 26379
INFO 2020-07-08 23:36:41,450 basehttp 124 "GET /xadmin/home/banner/3/update/ HTTP/1.1" 200 19946
INFO 2020-07-08 23:36:41,504 basehttp 124 "GET /media/banner/03.png HTTP/1.1" 304 0
INFO 2020-07-08 23:36:43,488 basehttp 124 "GET /xadmin/jsi18n/ HTTP/1.1" 200 7684
INFO 2020-07-08 23:36:47,660 basehttp 124 "GET /xadmin/home/banner/ HTTP/1.1" 200 26379
INFO 2020-07-08 23:37:16,885 basehttp 124 "GET /xadmin/home/banner/ HTTP/1.1" 200 26379
INFO 2020-07-08 23:37:18,922 basehttp 124 "GET /xadmin/jsi18n/ HTTP/1.1" 200 7684
INFO 2020-07-08 23:37:48,394 basehttp 124 "GET /xadmin/home/banner/ HTTP/1.1" 200 26379
INFO 2020-07-08 23:37:50,436 basehttp 124 "GET /xadmin/jsi18n/ HTTP/1.1" 200 7684
INFO 2020-07-08 23:38:00,591 basehttp 124 "GET /xadmin/home/banner/1/update/ HTTP/1.1" 200 19922
INFO 2020-07-08 23:38:00,665 basehttp 124 "GET /media/banner/01.png HTTP/1.1" 200 737783
INFO 2020-07-08 23:38:02,631 basehttp 124 "GET /xadmin/jsi18n/ HTTP/1.1" 200 7684
INFO 2020-07-08 23:38:10,711 basehttp 124 "GET /xadmin/home/banner/ HTTP/1.1" 200 26379
INFO 2020-07-08 23:38:14,704 basehttp 124 "GET /xadmin/home/banner/2/update/ HTTP/1.1" 200 19946
INFO 2020-07-08 23:38:14,745 basehttp 124 "GET /media/banner/02.png HTTP/1.1" 200 364808
INFO 2020-07-08 23:38:16,758 basehttp 124 "GET /xadmin/jsi18n/ HTTP/1.1" 200 7684
INFO 2020-07-08 23:38:26,836 basehttp 124 "GET /xadmin/home/banner/ HTTP/1.1" 200 26379
INFO 2020-07-08 23:42:17,763 basehttp 124 "GET /xadmin/ HTTP/1.1" 200 14384
ERROR 2020-07-08 23:42:17,765 basehttp 124 "GET /xadmin/ HTTP/1.1" 500 59
WARNING 2020-07-08 23:43:20,328 base 93 Not Found: /
WARNING 2020-07-08 23:43:20,330 basehttp 124 "GET / HTTP/1.1" 404 2056
WARNING 2020-07-08 23:43:20,429 base 93 Not Found: /favicon.ico
WARNING 2020-07-08 23:43:20,429 basehttp 124 "GET /favicon.ico HTTP/1.1" 404 2107
INFO 2020-07-08 23:43:30,959 basehttp 124 "GET /xadmin/ HTTP/1.1" 200 14384
INFO 2020-07-08 23:43:31,005 basehttp 124 "GET /static/xadmin/vendor/bootstrap/css/bootstrap.css HTTP/1.1" 304 0
INFO 2020-07-08 23:43:31,008 basehttp 124 "GET /static/xadmin/css/themes/bootstrap-xadmin.css HTTP/1.1" 304 0
INFO 2020-07-08 23:43:31,012 basehttp 124 "GET /static/xadmin/vendor/font-awesome/css/font-awesome.css HTTP/1.1" 304 0
INFO 2020-07-08 23:43:31,020 basehttp 124 "GET /static/xadmin/css/xadmin.main.css HTTP/1.1" 304 0
INFO 2020-07-08 23:43:31,020 basehttp 124 "GET /static/xadmin/css/xadmin.page.dashboard.css HTTP/1.1" 304 0
INFO 2020-07-08 23:43:31,021 basehttp 124 "GET /static/xadmin/css/xadmin.responsive.css HTTP/1.1" 304 0
INFO 2020-07-08 23:43:31,027 basehttp 124 "GET /static/xadmin/vendor/jquery/jquery.js HTTP/1.1" 304 0
INFO 2020-07-08 23:43:31,030 basehttp 124 "GET /static/xadmin/css/xadmin.plugins.css HTTP/1.1" 304 0
INFO 2020-07-08 23:43:31,050 basehttp 124 "GET /static/xadmin/vendor/jquery-ui/jquery.ui.core.js HTTP/1.1" 304 0
INFO 2020-07-08 23:43:31,053 basehttp 124 "GET /static/xadmin/vendor/jquery-ui/jquery.ui.widget.js HTTP/1.1" 304 0
INFO 2020-07-08 23:43:31,056 basehttp 124 "GET /static/xadmin/vendor/jquery-ui/jquery.ui.mouse.js HTTP/1.1" 304 0
INFO 2020-07-08 23:43:31,063 basehttp 124 "GET /static/xadmin/vendor/bootstrap/js/bootstrap.js HTTP/1.1" 304 0
INFO 2020-07-08 23:43:31,064 basehttp 124 "GET /static/xadmin/js/xadmin.main.js HTTP/1.1" 304 0
INFO 2020-07-08 23:43:31,069 basehttp 124 "GET /static/xadmin/vendor/jquery-ui/jquery.ui.sortable.js HTTP/1.1" 304 0
INFO 2020-07-08 23:43:31,082 basehttp 124 "GET /static/xadmin/js/xadmin.plugin.themes.js HTTP/1.1" 304 0
INFO 2020-07-08 23:43:31,082 basehttp 124 "GET /static/xadmin/js/xadmin.responsive.js HTTP/1.1" 304 0
INFO 2020-07-08 23:43:31,086 basehttp 124 "GET /static/xadmin/js/xadmin.page.dashboard.js HTTP/1.1" 304 0
INFO 2020-07-08 23:43:31,089 basehttp 124 "GET /static/xadmin/vendor/jquery-ui/jquery.ui.effect.js HTTP/1.1" 304 0
INFO 2020-07-08 23:43:31,089 basehttp 124 "GET /static/xadmin/js/xadmin.plugin.portal.js HTTP/1.1" 304 0
INFO 2020-07-08 23:43:33,082 basehttp 124 "GET /xadmin/jsi18n/ HTTP/1.1" 200 7684
INFO 2020-07-08 23:43:33,167 basehttp 124 "GET /static/xadmin/vendor/font-awesome/fonts/fontawesome-webfont.woff?v=4.0.3 HTTP/1.1" 304 0
INFO 2020-07-08 23:43:41,263 basehttp 124 "GET /xadmin/home/banner/ HTTP/1.1" 200 28836
INFO 2020-07-08 23:43:41,303 basehttp 124 "GET /static/xadmin/css/xadmin.form.css HTTP/1.1" 304 0
INFO 2020-07-08 23:43:41,307 basehttp 124 "GET /static/xadmin/js/xadmin.plugin.details.js HTTP/1.1" 304 0
INFO 2020-07-08 23:43:41,313 basehttp 124 "GET /static/xadmin/js/xadmin.plugin.bookmark.js HTTP/1.1" 304 0
INFO 2020-07-08 23:43:41,313 basehttp 124 "GET /static/xadmin/js/xadmin.plugin.filters.js HTTP/1.1" 304 0
INFO 2020-07-08 23:43:41,318 basehttp 124 "GET /static/xadmin/js/xadmin.plugin.actions.js HTTP/1.1" 304 0
INFO 2020-07-08 23:43:41,322 basehttp 124 "GET /static/xadmin/js/xadmin.page.list.js HTTP/1.1" 304 0
INFO 2020-07-08 23:43:41,324 basehttp 124 "GET /static/xadmin/js/xadmin.page.form.js HTTP/1.1" 304 0
INFO 2020-07-08 23:43:43,334 basehttp 124 "GET /xadmin/jsi18n/ HTTP/1.1" 200 7684
INFO 2020-07-08 23:55:50,538 basehttp 124 "GET /home/banner HTTP/1.1" 301 0
INFO 2020-07-08 23:55:52,627 basehttp 124 "GET /home/banner/ HTTP/1.1" 200 6132
INFO 2020-07-08 23:55:52,690 basehttp 124 "GET /static/rest_framework/css/bootstrap.min.css HTTP/1.1" 200 121457
INFO 2020-07-08 23:55:52,695 basehttp 124 "GET /static/rest_framework/js/ajax-form.js HTTP/1.1" 200 3597
INFO 2020-07-08 23:55:52,696 basehttp 124 "GET /static/rest_framework/css/bootstrap-tweaks.css HTTP/1.1" 200 3385
INFO 2020-07-08 23:55:52,699 basehttp 124 "GET /static/rest_framework/css/default.css HTTP/1.1" 200 1131
INFO 2020-07-08 23:55:52,700 basehttp 124 "GET /static/rest_framework/css/prettify.css HTTP/1.1" 200 817
INFO 2020-07-08 23:55:52,851 basehttp 124 "GET /static/rest_framework/js/default.js HTTP/1.1" 200 1268
INFO 2020-07-08 23:55:52,851 basehttp 124 "GET /static/rest_framework/js/csrf.js HTTP/1.1" 200 1719
INFO 2020-07-08 23:55:52,882 basehttp 124 "GET /static/rest_framework/js/bootstrap.min.js HTTP/1.1" 200 37608
INFO 2020-07-08 23:55:52,883 basehttp 124 "GET /static/rest_framework/js/prettify-min.js HTTP/1.1" 200 13632
INFO 2020-07-08 23:55:52,885 basehttp 124 "GET /static/rest_framework/img/grid.png HTTP/1.1" 200 1458
INFO 2020-07-08 23:55:52,889 basehttp 124 "GET /static/rest_framework/js/jquery-3.4.1.min.js HTTP/1.1" 200 88145
INFO 2020-07-08 23:55:58,694 basehttp 124 "GET /media/banner/03.png HTTP/1.1" 304 0
INFO 2020-07-09 00:08:53,272 basehttp 124 "GET /home/banner/ HTTP/1.1" 200 265
ERROR 2020-07-09 00:08:53,276 basehttp 124 "GET /home/banner/ HTTP/1.1" 500 59
INFO 2020-07-09 00:08:54,333 basehttp 124 "GET /home/banner/ HTTP/1.1" 200 265
INFO 2020-07-09 00:15:11,836 basehttp 124 "GET /home/banner/ HTTP/1.1" 200 265
INFO 2020-07-09 00:15:11,880 basehttp 124 "GET /media/banner/03.png HTTP/1.1" 304 0
INFO 2020-07-09 00:15:11,880 basehttp 124 "GET /media/banner/02.png HTTP/1.1" 304 0
INFO 2020-07-09 00:15:11,881 basehttp 124 "GET /media/banner/01.png HTTP/1.1" 304 0
INFO 2020-07-09 00:15:15,488 basehttp 124 "GET /home/banner/ HTTP/1.1" 200 265
INFO 2020-07-09 00:15:25,895 basehttp 124 "GET /home/banner/ HTTP/1.1" 200 265
INFO 2020-07-09 00:18:31,523 basehttp 124 "GET /home/banner/ HTTP/1.1" 200 265
INFO 2020-07-09 00:22:20,423 basehttp 124 "GET /xadmin/home/banner/ HTTP/1.1" 200 28836
ERROR 2020-07-09 00:22:20,423 basehttp 124 "GET /xadmin/home/banner/ HTTP/1.1" 500 59
INFO 2020-07-09 00:22:51,034 basehttp 124 "GET /home/banner/ HTTP/1.1" 200 265
INFO 2020-07-09 00:22:51,058 basehttp 124 "GET /media/banner/02.png HTTP/1.1" 304 0
INFO 2020-07-09 00:22:51,058 basehttp 124 "GET /media/banner/03.png HTTP/1.1" 304 0
INFO 2020-07-09 00:22:51,059 basehttp 124 "GET /media/banner/01.png HTTP/1.1" 304 0
INFO 2020-07-09 00:45:44,394 basehttp 124 "GET /xadmin/home/banner/3/update/ HTTP/1.1" 200 20360
ERROR 2020-07-09 00:45:44,396 basehttp 124 "GET /xadmin/home/banner/3/update/ HTTP/1.1" 500 59
INFO 2020-07-09 00:48:22,375 basehttp 124 "GET /xadmin/ HTTP/1.1" 200 14798
ERROR 2020-07-09 00:48:22,377 basehttp 124 "GET /xadmin/ HTTP/1.1" 500 59
INFO 2020-07-09 00:52:46,525 basehttp 124 "GET /home/banner/ HTTP/1.1" 200 265
INFO 2020-07-09 00:52:46,575 basehttp 124 "GET /media/banner/03.png HTTP/1.1" 304 0
INFO 2020-07-09 00:52:46,576 basehttp 124 "GET /media/banner/02.png HTTP/1.1" 304 0
INFO 2020-07-09 00:52:46,578 basehttp 124 "GET /media/banner/01.png HTTP/1.1" 304 0
INFO 2020-07-09 00:54:09,741 basehttp 124 "GET /xadmin/ HTTP/1.1" 200 14798
INFO 2020-07-09 00:54:09,815 basehttp 124 "GET /static/xadmin/vendor/bootstrap/css/bootstrap.css HTTP/1.1" 304 0
INFO 2020-07-09 00:54:09,816 basehttp 124 "GET /static/xadmin/css/themes/bootstrap-xadmin.css HTTP/1.1" 304 0
INFO 2020-07-09 00:54:09,817 basehttp 124 "GET /static/xadmin/css/xadmin.main.css HTTP/1.1" 304 0
INFO 2020-07-09 00:54:09,817 basehttp 124 "GET /static/xadmin/css/xadmin.plugins.css HTTP/1.1" 304 0
INFO 2020-07-09 00:54:09,819 basehttp 124 "GET /static/xadmin/vendor/font-awesome/css/font-awesome.css HTTP/1.1" 304 0
INFO 2020-07-09 00:54:09,820 basehttp 124 "GET /static/xadmin/css/xadmin.responsive.css HTTP/1.1" 304 0
INFO 2020-07-09 00:54:09,822 basehttp 124 "GET /static/xadmin/css/xadmin.page.dashboard.css HTTP/1.1" 304 0
INFO 2020-07-09 00:54:09,824 basehttp 124 "GET /static/xadmin/vendor/jquery/jquery.js HTTP/1.1" 304 0
INFO 2020-07-09 00:54:09,828 basehttp 124 "GET /static/xadmin/vendor/jquery-ui/jquery.ui.core.js HTTP/1.1" 304 0
INFO 2020-07-09 00:54:09,831 basehttp 124 "GET /static/xadmin/vendor/jquery-ui/jquery.ui.widget.js HTTP/1.1" 304 0
INFO 2020-07-09 00:54:09,834 basehttp 124 "GET /static/xadmin/vendor/jquery-ui/jquery.ui.mouse.js HTTP/1.1" 304 0
INFO 2020-07-09 00:54:09,837 basehttp 124 "GET /static/xadmin/vendor/jquery-ui/jquery.ui.sortable.js HTTP/1.1" 304 0
INFO 2020-07-09 00:54:09,846 basehttp 124 "GET /static/xadmin/js/xadmin.main.js HTTP/1.1" 304 0
INFO 2020-07-09 00:54:09,847 basehttp 124 "GET /static/xadmin/vendor/bootstrap/js/bootstrap.js HTTP/1.1" 304 0
INFO 2020-07-09 00:54:09,848 basehttp 124 "GET /static/xadmin/js/xadmin.plugin.themes.js HTTP/1.1" 304 0
INFO 2020-07-09 00:54:09,848 basehttp 124 "GET /static/xadmin/js/xadmin.page.dashboard.js HTTP/1.1" 304 0
INFO 2020-07-09 00:54:09,849 basehttp 124 "GET /static/xadmin/js/xadmin.plugin.portal.js HTTP/1.1" 304 0
INFO 2020-07-09 00:54:09,854 basehttp 124 "GET /static/xadmin/vendor/jquery-ui/jquery.ui.effect.js HTTP/1.1" 304 0
INFO 2020-07-09 00:54:09,854 basehttp 124 "GET /static/xadmin/js/xadmin.responsive.js HTTP/1.1" 304 0
INFO 2020-07-09 00:54:11,835 basehttp 124 "GET /xadmin/jsi18n/ HTTP/1.1" 200 7684
INFO 2020-07-09 00:54:11,918 basehttp 124 "GET /static/xadmin/vendor/font-awesome/fonts/fontawesome-webfont.woff?v=4.0.3 HTTP/1.1" 304 0
WARNING 2020-07-09 00:54:11,957 base 93 Not Found: /favicon.ico
WARNING 2020-07-09 00:54:11,960 basehttp 124 "GET /favicon.ico HTTP/1.1" 404 2212
INFO 2020-07-09 00:54:26,195 basehttp 124 "GET /xadmin/home/nav/ HTTP/1.1" 200 24900
INFO 2020-07-09 00:54:26,235 basehttp 124 "GET /static/xadmin/css/xadmin.form.css HTTP/1.1" 304 0
INFO 2020-07-09 00:54:26,249 basehttp 124 "GET /static/xadmin/js/xadmin.plugin.filters.js HTTP/1.1" 304 0
INFO 2020-07-09 00:54:26,250 basehttp 124 "GET /static/xadmin/js/xadmin.page.list.js HTTP/1.1" 304 0
INFO 2020-07-09 00:54:26,250 basehttp 124 "GET /static/xadmin/js/xadmin.plugin.details.js HTTP/1.1" 304 0
INFO 2020-07-09 00:54:26,251 basehttp 124 "GET /static/xadmin/js/xadmin.page.form.js HTTP/1.1" 304 0
INFO 2020-07-09 00:54:26,255 basehttp 124 "GET /static/xadmin/js/xadmin.plugin.bookmark.js HTTP/1.1" 304 0
INFO 2020-07-09 00:54:28,257 basehttp 124 "GET /xadmin/jsi18n/ HTTP/1.1" 200 7684
INFO 2020-07-09 00:54:49,427 basehttp 124 "GET /xadmin/home/nav/add/ HTTP/1.1" 200 19189
INFO 2020-07-09 00:54:49,451 basehttp 124 "GET /static/xadmin/vendor/select2/select2.css HTTP/1.1" 200 19226
INFO 2020-07-09 00:54:49,461 basehttp 124 "GET /static/xadmin/vendor/selectize/selectize.css HTTP/1.1" 200 8425
INFO 2020-07-09 00:54:49,466 basehttp 124 "GET /static/xadmin/vendor/select2/select2_locale_zh-hans.js HTTP/1.1" 200 694
INFO 2020-07-09 00:54:49,469 basehttp 124 "GET /static/xadmin/vendor/selectize/selectize.bootstrap3.css HTTP/1.1" 200 10602
INFO 2020-07-09 00:54:49,473 basehttp 124 "GET /static/xadmin/js/xadmin.widget.select.js HTTP/1.1" 200 1344
INFO 2020-07-09 00:54:49,481 basehttp 124 "GET /static/xadmin/vendor/selectize/selectize.js HTTP/1.1" 200 98602
INFO 2020-07-09 00:54:49,482 basehttp 124 "GET /static/xadmin/vendor/select2/select2.js HTTP/1.1" 200 104906
INFO 2020-07-09 00:54:51,500 basehttp 124 "GET /xadmin/jsi18n/ HTTP/1.1" 200 7684
INFO 2020-07-09 00:55:26,883 basehttp 124 "GET /home/banner/ HTTP/1.1" 200 265
INFO 2020-07-09 00:56:26,145 basehttp 124 "POST /xadmin/home/nav/add/ HTTP/1.1" 302 0
INFO 2020-07-09 00:56:28,273 basehttp 124 "GET /xadmin/home/nav/add/ HTTP/1.1" 200 19536
INFO 2020-07-09 00:56:30,319 basehttp 124 "GET /xadmin/jsi18n/ HTTP/1.1" 200 7684
INFO 2020-07-09 00:57:12,805 basehttp 124 "POST /xadmin/home/nav/add/ HTTP/1.1" 302 0
INFO 2020-07-09 00:57:14,994 basehttp 124 "GET /xadmin/home/nav/add/ HTTP/1.1" 200 19541
INFO 2020-07-09 00:57:17,038 basehttp 124 "GET /xadmin/jsi18n/ HTTP/1.1" 200 7684
INFO 2020-07-09 00:57:53,082 basehttp 124 "POST /xadmin/home/nav/add/ HTTP/1.1" 302 0
INFO 2020-07-09 00:57:55,219 basehttp 124 "GET /xadmin/home/nav/add/ HTTP/1.1" 200 19532
INFO 2020-07-09 00:57:57,269 basehttp 124 "GET /xadmin/jsi18n/ HTTP/1.1" 200 7684
INFO 2020-07-09 00:58:01,309 basehttp 124 "GET /xadmin/home/nav/ HTTP/1.1" 200 29814
INFO 2020-07-09 00:58:01,334 basehttp 124 "GET /static/xadmin/js/xadmin.plugin.actions.js HTTP/1.1" 304 0
INFO 2020-07-09 00:58:03,349 basehttp 124 "GET /xadmin/jsi18n/ HTTP/1.1" 200 7684
INFO 2020-07-09 00:58:12,043 basehttp 124 "GET /xadmin/home/nav/add/ HTTP/1.1" 200 19189
INFO 2020-07-09 00:58:14,103 basehttp 124 "GET /xadmin/jsi18n/ HTTP/1.1" 200 7684
INFO 2020-07-09 00:58:37,517 basehttp 124 "POST /xadmin/home/nav/add/ HTTP/1.1" 302 0
INFO 2020-07-09 00:58:39,653 basehttp 124 "GET /xadmin/home/nav/add/ HTTP/1.1" 200 19541
INFO 2020-07-09 00:58:41,701 basehttp 124 "GET /xadmin/jsi18n/ HTTP/1.1" 200 7684
INFO 2020-07-09 00:58:57,617 basehttp 124 "POST /xadmin/home/nav/add/ HTTP/1.1" 302 0
INFO 2020-07-09 00:58:59,763 basehttp 124 "GET /xadmin/home/nav/ HTTP/1.1" 200 31294
INFO 2020-07-09 00:59:01,783 basehttp 124 "GET /xadmin/jsi18n/ HTTP/1.1" 200 7684
INFO 2020-07-09 01:00:10,416 basehttp 124 "GET /xadmin/home/nav/ HTTP/1.1" 200 30575
INFO 2020-07-09 01:00:12,489 basehttp 124 "GET /xadmin/jsi18n/ HTTP/1.1" 200 7684
INFO 2020-07-09 01:00:20,918 basehttp 124 "GET /xadmin/home/nav/add/ HTTP/1.1" 200 17605
INFO 2020-07-09 01:00:22,955 basehttp 124 "GET /xadmin/jsi18n/ HTTP/1.1" 200 7684
INFO 2020-07-09 01:01:13,818 basehttp 124 "POST /xadmin/home/nav/add/ HTTP/1.1" 302 0
INFO 2020-07-09 01:01:15,928 basehttp 124 "GET /xadmin/home/nav/add/ HTTP/1.1" 200 17948
INFO 2020-07-09 01:01:17,984 basehttp 124 "GET /xadmin/jsi18n/ HTTP/1.1" 200 7684
INFO 2020-07-09 01:01:37,895 basehttp 124 "POST /xadmin/home/nav/add/ HTTP/1.1" 302 0
INFO 2020-07-09 01:01:40,023 basehttp 124 "GET /xadmin/home/nav/add/ HTTP/1.1" 200 17948
INFO 2020-07-09 01:01:42,083 basehttp 124 "GET /xadmin/jsi18n/ HTTP/1.1" 200 7684
INFO 2020-07-09 01:02:04,228 basehttp 124 "POST /xadmin/home/nav/add/ HTTP/1.1" 302 0
INFO 2020-07-09 01:02:06,322 basehttp 124 "GET /xadmin/home/nav/add/ HTTP/1.1" 200 17948
INFO 2020-07-09 01:02:08,385 basehttp 124 "GET /xadmin/jsi18n/ HTTP/1.1" 200 7684
INFO 2020-07-09 01:02:28,145 basehttp 124 "POST /xadmin/home/nav/add/ HTTP/1.1" 302 0
INFO 2020-07-09 01:02:30,252 basehttp 124 "GET /xadmin/home/nav/add/ HTTP/1.1" 200 17948
INFO 2020-07-09 01:02:32,292 basehttp 124 "GET /xadmin/jsi18n/ HTTP/1.1" 200 7684
INFO 2020-07-09 01:02:48,480 basehttp 124 "POST /xadmin/home/nav/add/ HTTP/1.1" 302 0
INFO 2020-07-09 01:02:50,599 basehttp 124 "GET /xadmin/home/nav/add/ HTTP/1.1" 200 17949
INFO 2020-07-09 01:02:52,637 basehttp 124 "GET /xadmin/jsi18n/ HTTP/1.1" 200 7684
INFO 2020-07-09 01:03:09,862 basehttp 124 "POST /xadmin/home/nav/add/ HTTP/1.1" 302 0
INFO 2020-07-09 01:03:11,972 basehttp 124 "GET /xadmin/home/nav/ HTTP/1.1" 200 34968
INFO 2020-07-09 01:03:14,007 basehttp 124 "GET /xadmin/jsi18n/ HTTP/1.1" 200 7684
INFO 2020-07-09 01:13:05,245 basehttp 124 "GET /home/nav/ HTTP/1.1" 200 738
INFO 2020-07-09 01:13:05,246 basehttp 124 "GET /home/banner/ HTTP/1.1" 200 265
INFO 2020-07-09 01:13:05,276 basehttp 124 "GET /media/banner/03.png HTTP/1.1" 304 0
INFO 2020-07-09 01:13:05,282 basehttp 124 "GET /media/banner/01.png HTTP/1.1" 304 0
INFO 2020-07-09 01:13:05,283 basehttp 124 "GET /media/banner/02.png HTTP/1.1" 304 0
INFO 2020-07-09 01:16:22,144 basehttp 124 "GET /home/nav/ HTTP/1.1" 200 738
ERROR 2020-07-09 01:16:22,146 basehttp 124 "GET /home/nav/ HTTP/1.1" 500 59
INFO 2020-07-09 01:16:23,947 basehttp 124 "GET /home/nav/ HTTP/1.1" 200 738
INFO 2020-07-09 01:16:23,961 basehttp 124 "GET /home/banner/ HTTP/1.1" 200 265
INFO 2020-07-09 01:17:11,867 basehttp 124 "GET /home/nav/ HTTP/1.1" 200 738
INFO 2020-07-09 01:17:11,868 basehttp 124 "GET /home/banner/ HTTP/1.1" 200 265
INFO 2020-07-09 01:23:44,923 basehttp 124 "GET /home/navd/ HTTP/1.1" 200 391
INFO 2020-07-09 01:23:44,927 basehttp 124 "GET /home/banner/ HTTP/1.1" 200 265
INFO 2020-07-09 01:23:44,932 basehttp 124 "GET /home/navu/ HTTP/1.1" 200 348
INFO 2020-07-09 01:23:44,945 basehttp 124 "GET /media/banner/03.png HTTP/1.1" 304 0
INFO 2020-07-09 01:23:44,946 basehttp 124 "GET /media/banner/01.png HTTP/1.1" 304 0
INFO 2020-07-09 01:23:44,946 basehttp 124 "GET /media/banner/02.png HTTP/1.1" 304 0
INFO 2020-07-09 01:24:41,936 basehttp 124 "GET /home/navu/ HTTP/1.1" 200 348
INFO 2020-07-09 01:24:41,954 basehttp 124 "GET /home/navd/ HTTP/1.1" 200 391
INFO 2020-07-09 01:24:41,964 basehttp 124 "GET /home/banner/ HTTP/1.1" 200 265
INFO 2020-07-09 01:25:59,015 basehttp 124 "GET /home/navu/ HTTP/1.1" 200 348
INFO 2020-07-09 01:25:59,031 basehttp 124 "GET /home/navd/ HTTP/1.1" 200 391
INFO 2020-07-09 01:25:59,032 basehttp 124 "GET /home/banner/ HTTP/1.1" 200 265
INFO 2020-07-09 01:28:08,896 basehttp 124 "GET /home/navd/ HTTP/1.1" 200 391
ERROR 2020-07-09 01:28:08,897 basehttp 124 "GET /home/navd/ HTTP/1.1" 500 59
INFO 2020-07-09 01:28:09,692 basehttp 124 "GET /home/navd/ HTTP/1.1" 200 391
INFO 2020-07-09 01:28:09,693 basehttp 124 "GET /home/banner/ HTTP/1.1" 200 265
INFO 2020-07-09 01:28:09,704 basehttp 124 "GET /home/navu/ HTTP/1.1" 200 348
INFO 2020-07-09 01:29:03,644 basehttp 124 "GET /home/navu/ HTTP/1.1" 200 348
INFO 2020-07-09 01:29:03,653 basehttp 124 "GET /home/navd/ HTTP/1.1" 200 391
INFO 2020-07-09 01:29:03,654 basehttp 124 "GET /home/banner/ HTTP/1.1" 200 265
INFO 2020-07-09 01:29:31,643 basehttp 124 "GET /home/navu/ HTTP/1.1" 200 348
INFO 2020-07-09 01:29:31,654 basehttp 124 "GET /home/navd/ HTTP/1.1" 200 391
INFO 2020-07-09 01:29:31,660 basehttp 124 "GET /home/banner/ HTTP/1.1" 200 265
INFO 2020-07-09 09:00:07,481 basehttp 124 "GET /home/banner/ HTTP/1.1" 200 265
INFO 2020-07-09 09:00:07,544 basehttp 124 "GET /home/navd/ HTTP/1.1" 200 391
INFO 2020-07-09 09:00:07,544 basehttp 124 "GET /home/navu/ HTTP/1.1" 200 348
INFO 2020-07-09 09:00:07,567 basehttp 124 "GET /media/banner/03.png HTTP/1.1" 304 0
INFO 2020-07-09 09:00:07,568 basehttp 124 "GET /media/banner/02.png HTTP/1.1" 304 0
INFO 2020-07-09 09:00:07,604 basehttp 124 "GET /media/banner/01.png HTTP/1.1" 304 0
INFO 2020-07-09 09:01:27,420 basehttp 124 "GET /home/navu/ HTTP/1.1" 200 348
INFO 2020-07-09 09:01:27,425 basehttp 124 "GET /home/navd/ HTTP/1.1" 200 391
INFO 2020-07-09 09:01:27,428 basehttp 124 "GET /home/banner/ HTTP/1.1" 200 265
INFO 2020-07-09 09:02:00,055 basehttp 124 "GET /home/navu/ HTTP/1.1" 200 348
INFO 2020-07-09 09:02:00,058 basehttp 124 "GET /home/banner/ HTTP/1.1" 200 265
INFO 2020-07-09 09:02:00,077 basehttp 124 "GET /home/navd/ HTTP/1.1" 200 391
INFO 2020-07-09 09:02:38,657 basehttp 124 "GET /home/navu/ HTTP/1.1" 200 348
INFO 2020-07-09 09:02:38,684 basehttp 124 "GET /home/navd/ HTTP/1.1" 200 391
INFO 2020-07-09 09:02:38,684 basehttp 124 "GET /home/banner/ HTTP/1.1" 200 265
INFO 2020-07-09 09:06:17,952 basehttp 124 "GET /home/navu/ HTTP/1.1" 200 348
INFO 2020-07-09 09:06:17,968 basehttp 124 "GET /home/navd/ HTTP/1.1" 200 391
INFO 2020-07-09 09:06:17,970 basehttp 124 "GET /home/banner/ HTTP/1.1" 200 265
INFO 2020-07-09 09:06:43,435 basehttp 124 "GET /home/navu/ HTTP/1.1" 200 348
INFO 2020-07-09 09:06:43,436 basehttp 124 "GET /home/banner/ HTTP/1.1" 200 265
INFO 2020-07-09 09:06:43,456 basehttp 124 "GET /home/navd/ HTTP/1.1" 200 391
INFO 2020-07-09 09:19:10,549 basehttp 124 "GET /home/navu/ HTTP/1.1" 200 348
INFO 2020-07-09 09:19:10,559 basehttp 124 "GET /home/banner/ HTTP/1.1" 200 265
INFO 2020-07-09 09:19:10,562 basehttp 124 "GET /home/navd/ HTTP/1.1" 200 391
INFO 2020-07-09 09:21:06,323 basehttp 124 "GET /home/navd/ HTTP/1.1" 200 391
INFO 2020-07-09 09:21:14,475 basehttp 124 "GET /home/banner/ HTTP/1.1" 200 265
INFO 2020-07-09 09:21:14,488 basehttp 124 "GET /home/navd/ HTTP/1.1" 200 391
INFO 2020-07-09 09:21:14,508 basehttp 124 "GET /home/navu/ HTTP/1.1" 200 348
INFO 2020-07-09 09:22:53,198 basehttp 124 "GET /home/navd/ HTTP/1.1" 200 391
INFO 2020-07-09 09:22:57,595 basehttp 124 "GET /home/banner/ HTTP/1.1" 200 265
INFO 2020-07-09 09:22:57,599 basehttp 124 "GET /home/navu/ HTTP/1.1" 200 348
INFO 2020-07-09 09:22:57,603 basehttp 124 "GET /home/navd/ HTTP/1.1" 200 391
WARNING 2020-07-09 17:30:59,491 base 93 Not Found: /home
WARNING 2020-07-09 17:30:59,492 basehttp 124 "GET /home HTTP/1.1" 404 2191
WARNING 2020-07-09 17:30:59,649 base 93 Not Found: /favicon.ico
WARNING 2020-07-09 17:30:59,650 basehttp 124 "GET /favicon.ico HTTP/1.1" 404 2212
INFO 2020-07-09 17:31:28,881 basehttp 124 "GET /home/navu/ HTTP/1.1" 200 348
INFO 2020-07-09 17:31:28,922 basehttp 124 "GET /home/navd/ HTTP/1.1" 200 391
INFO 2020-07-09 17:31:28,950 basehttp 124 "GET /home/banner/ HTTP/1.1" 200 265
INFO 2020-07-09 17:31:28,995 basehttp 124 "GET /media/banner/03.png HTTP/1.1" 304 0
INFO 2020-07-09 17:31:29,006 basehttp 124 "GET /media/banner/02.png HTTP/1.1" 304 0
INFO 2020-07-09 17:31:29,022 basehttp 124 "GET /media/banner/01.png HTTP/1.1" 304 0
INFO 2020-07-09 17:36:03,377 basehttp 124 "GET /xadmin/ HTTP/1.1" 200 14798
INFO 2020-07-09 17:36:03,423 basehttp 124 "GET /static/xadmin/vendor/bootstrap/css/bootstrap.css HTTP/1.1" 304 0
INFO 2020-07-09 17:36:03,427 basehttp 124 "GET /static/xadmin/css/themes/bootstrap-xadmin.css HTTP/1.1" 304 0
INFO 2020-07-09 17:36:03,434 basehttp 124 "GET /static/xadmin/vendor/font-awesome/css/font-awesome.css HTTP/1.1" 304 0
INFO 2020-07-09 17:36:03,440 basehttp 124 "GET /static/xadmin/css/xadmin.main.css HTTP/1.1" 304 0
INFO 2020-07-09 17:36:03,441 basehttp 124 "GET /static/xadmin/css/xadmin.responsive.css HTTP/1.1" 304 0
INFO 2020-07-09 17:36:03,441 basehttp 124 "GET /static/xadmin/css/xadmin.plugins.css HTTP/1.1" 304 0
INFO 2020-07-09 17:36:03,442 basehttp 124 "GET /static/xadmin/css/xadmin.page.dashboard.css HTTP/1.1" 304 0
INFO 2020-07-09 17:36:03,477 basehttp 124 "GET /static/xadmin/vendor/jquery/jquery.js HTTP/1.1" 304 0
INFO 2020-07-09 17:36:03,477 basehttp 124 "GET /static/xadmin/vendor/jquery-ui/jquery.ui.widget.js HTTP/1.1" 304 0
INFO 2020-07-09 17:36:03,500 basehttp 124 "GET /static/xadmin/vendor/jquery-ui/jquery.ui.sortable.js HTTP/1.1" 304 0
INFO 2020-07-09 17:36:03,500 basehttp 124 "GET /static/xadmin/vendor/jquery-ui/jquery.ui.core.js HTTP/1.1" 304 0
INFO 2020-07-09 17:36:03,500 basehttp 124 "GET /static/xadmin/vendor/jquery-ui/jquery.ui.mouse.js HTTP/1.1" 304 0
INFO 2020-07-09 17:36:03,568 basehttp 124 "GET /static/xadmin/js/xadmin.responsive.js HTTP/1.1" 304 0
INFO 2020-07-09 17:36:03,569 basehttp 124 "GET /static/xadmin/js/xadmin.main.js HTTP/1.1" 304 0
INFO 2020-07-09 17:36:03,570 basehttp 124 "GET /static/xadmin/vendor/bootstrap/js/bootstrap.js HTTP/1.1" 304 0
INFO 2020-07-09 17:36:03,570 basehttp 124 "GET /static/xadmin/js/xadmin.plugin.themes.js HTTP/1.1" 304 0
INFO 2020-07-09 17:36:03,574 basehttp 124 "GET /static/xadmin/vendor/jquery-ui/jquery.ui.effect.js HTTP/1.1" 304 0
INFO 2020-07-09 17:36:03,605 basehttp 124 "GET /static/xadmin/js/xadmin.plugin.portal.js HTTP/1.1" 304 0
INFO 2020-07-09 17:36:03,605 basehttp 124 "GET /static/xadmin/js/xadmin.page.dashboard.js HTTP/1.1" 304 0
INFO 2020-07-09 17:36:05,507 basehttp 124 "GET /xadmin/jsi18n/ HTTP/1.1" 200 7684
INFO 2020-07-09 17:36:05,660 basehttp 124 "GET /static/xadmin/vendor/font-awesome/fonts/fontawesome-webfont.woff?v=4.0.3 HTTP/1.1" 304 0
WARNING 2020-07-09 17:36:05,694 base 93 Not Found: /favicon.ico
WARNING 2020-07-09 17:36:05,696 basehttp 124 "GET /favicon.ico HTTP/1.1" 404 2212
INFO 2020-07-09 17:36:11,847 basehttp 124 "GET /xadmin/home/banner/ HTTP/1.1" 200 29250
INFO 2020-07-09 17:36:11,902 basehttp 124 "GET /static/xadmin/css/xadmin.form.css HTTP/1.1" 304 0
INFO 2020-07-09 17:36:11,914 basehttp 124 "GET /static/xadmin/js/xadmin.plugin.details.js HTTP/1.1" 304 0
INFO 2020-07-09 17:36:11,914 basehttp 124 "GET /static/xadmin/js/xadmin.plugin.bookmark.js HTTP/1.1" 304 0
INFO 2020-07-09 17:36:11,914 basehttp 124 "GET /static/xadmin/js/xadmin.plugin.filters.js HTTP/1.1" 304 0
INFO 2020-07-09 17:36:11,933 basehttp 124 "GET /static/xadmin/js/xadmin.page.list.js HTTP/1.1" 304 0
INFO 2020-07-09 17:36:11,933 basehttp 124 "GET /static/xadmin/js/xadmin.plugin.actions.js HTTP/1.1" 304 0
INFO 2020-07-09 17:36:11,934 basehttp 124 "GET /static/xadmin/js/xadmin.page.form.js HTTP/1.1" 304 0
INFO 2020-07-09 17:36:13,917 basehttp 124 "GET /xadmin/jsi18n/ HTTP/1.1" 200 7684
INFO 2020-07-09 17:36:18,411 basehttp 124 "GET /xadmin/home/banner/3/update/ HTTP/1.1" 200 20360
INFO 2020-07-09 17:36:18,455 basehttp 124 "GET /static/xadmin/vendor/bootstrap-image-gallery/css/bootstrap-image-gallery.css HTTP/1.1" 304 0
INFO 2020-07-09 17:36:18,475 basehttp 124 "GET /static/xadmin/vendor/load-image/load-image.js HTTP/1.1" 304 0
INFO 2020-07-09 17:36:18,498 basehttp 124 "GET /static/xadmin/vendor/bootstrap-image-gallery/js/bootstrap-image-gallery.js HTTP/1.1" 304 0
INFO 2020-07-09 17:36:20,490 basehttp 124 "GET /xadmin/jsi18n/ HTTP/1.1" 200 7684
INFO 2020-07-09 17:37:15,715 basehttp 124 "POST /xadmin/home/banner/3/update/ HTTP/1.1" 302 0
INFO 2020-07-09 17:37:17,793 basehttp 124 "GET /xadmin/home/banner/ HTTP/1.1" 200 29485
INFO 2020-07-09 17:37:19,857 basehttp 124 "GET /xadmin/jsi18n/ HTTP/1.1" 200 7684
INFO 2020-07-09 17:37:24,423 basehttp 124 "GET /xadmin/home/banner/2/update/ HTTP/1.1" 200 20360
INFO 2020-07-09 17:37:26,481 basehttp 124 "GET /xadmin/jsi18n/ HTTP/1.1" 200 7684
INFO 2020-07-09 17:37:49,539 basehttp 124 "POST /xadmin/home/banner/2/update/ HTTP/1.1" 302 0
INFO 2020-07-09 17:37:51,626 basehttp 124 "GET /xadmin/home/banner/ HTTP/1.1" 200 29485
INFO 2020-07-09 17:37:53,680 basehttp 124 "GET /xadmin/jsi18n/ HTTP/1.1" 200 7684
INFO 2020-07-09 17:37:57,246 basehttp 124 "GET /xadmin/home/banner/1/update/ HTTP/1.1" 200 20336
INFO 2020-07-09 17:37:59,275 basehttp 124 "GET /xadmin/jsi18n/ HTTP/1.1" 200 7684
INFO 2020-07-09 17:38:12,701 basehttp 124 "POST /xadmin/home/banner/1/update/ HTTP/1.1" 302 0
INFO 2020-07-09 17:38:14,878 basehttp 124 "GET /xadmin/home/banner/ HTTP/1.1" 200 29479
INFO 2020-07-09 17:38:16,939 basehttp 124 "GET /xadmin/jsi18n/ HTTP/1.1" 200 7684
INFO 2020-07-09 17:38:22,101 basehttp 124 "GET /xadmin/home/banner/3/update/ HTTP/1.1" 200 20383
INFO 2020-07-09 17:38:22,148 basehttp 124 "GET /media/banner/03_d65IgGe.png HTTP/1.1" 200 745382
INFO 2020-07-09 17:38:24,161 basehttp 124 "GET /xadmin/jsi18n/ HTTP/1.1" 200 7684
INFO 2020-07-09 17:42:28,647 basehttp 124 "GET /home/navu/ HTTP/1.1" 200 348
INFO 2020-07-09 17:42:28,648 basehttp 124 "GET /home/banner/ HTTP/1.1" 200 310
INFO 2020-07-09 17:42:28,649 basehttp 124 "GET /home/navd/ HTTP/1.1" 200 391
INFO 2020-07-09 17:42:28,680 basehttp 124 "GET /media/banner/03_d65IgGe.png HTTP/1.1" 304 0
INFO 2020-07-09 17:42:28,697 basehttp 124 "GET /media/banner/02_uLArGrz.png HTTP/1.1" 200 364808
INFO 2020-07-09 17:42:28,720 basehttp 124 "GET /media/banner/01_esP1cEi.png HTTP/1.1" 200 737783
INFO 2020-07-09 17:56:42,996 basehttp 124 "GET /home/navu/ HTTP/1.1" 200 348
INFO 2020-07-09 17:56:48,318 basehttp 124 "GET /home/navd/ HTTP/1.1" 200 391
INFO 2020-07-09 17:56:48,319 basehttp 124 "GET /home/banner/ HTTP/1.1" 200 310
INFO 2020-07-09 17:56:48,323 basehttp 124 "GET /home/navu/ HTTP/1.1" 200 348
INFO 2020-07-09 17:56:53,011 basehttp 124 "GET /home/banner/ HTTP/1.1" 200 310
INFO 2020-07-09 17:56:53,012 basehttp 124 "GET /home/navu/ HTTP/1.1" 200 348
INFO 2020-07-09 17:56:53,012 basehttp 124 "GET /home/navd/ HTTP/1.1" 200 391
INFO 2020-07-09 17:56:57,870 basehttp 124 "GET /home/banner/ HTTP/1.1" 200 310
INFO 2020-07-09 17:56:57,871 basehttp 124 "GET /home/navu/ HTTP/1.1" 200 348
INFO 2020-07-09 17:56:57,873 basehttp 124 "GET /home/navd/ HTTP/1.1" 200 391
INFO 2020-07-09 17:57:17,455 basehttp 124 "GET /home/navu/ HTTP/1.1" 200 348
INFO 2020-07-09 18:05:24,073 basehttp 124 "GET /home/navd/ HTTP/1.1" 200 391
INFO 2020-07-09 18:05:24,106 basehttp 124 "GET /home/banner/ HTTP/1.1" 200 310
INFO 2020-07-09 18:05:24,107 basehttp 124 "GET /home/navu/ HTTP/1.1" 200 348
INFO 2020-07-09 18:05:24,118 basehttp 124 "GET /media/banner/03_d65IgGe.png HTTP/1.1" 304 0
INFO 2020-07-09 18:05:24,124 basehttp 124 "GET /media/banner/02_uLArGrz.png HTTP/1.1" 304 0
INFO 2020-07-09 18:05:24,124 basehttp 124 "GET /media/banner/01_esP1cEi.png HTTP/1.1" 304 0
INFO 2020-07-09 18:09:49,206 basehttp 124 "GET /home/navu/ HTTP/1.1" 200 348
INFO 2020-07-09 18:09:49,210 basehttp 124 "GET /home/banner/ HTTP/1.1" 200 310
INFO 2020-07-09 18:09:49,216 basehttp 124 "GET /home/navd/ HTTP/1.1" 200 391
INFO 2020-07-09 18:09:49,241 basehttp 124 "GET /media/banner/03_d65IgGe.png HTTP/1.1" 304 0
INFO 2020-07-09 18:09:49,242 basehttp 124 "GET /media/banner/01_esP1cEi.png HTTP/1.1" 304 0
INFO 2020-07-09 18:09:49,242 basehttp 124 "GET /media/banner/02_uLArGrz.png HTTP/1.1" 304 0
INFO 2020-07-09 18:45:18,593 basehttp 124 "GET /xadmin/ HTTP/1.1" 200 4366
INFO 2020-07-09 18:45:18,628 basehttp 124 "GET /xadmin/jsi18n/ HTTP/1.1" 200 4373
INFO 2020-07-09 18:45:28,073 basehttp 124 "POST /xadmin/ HTTP/1.1" 302 0
INFO 2020-07-09 18:46:00,974 basehttp 124 "GET /xadmin/ HTTP/1.1" 200 15548
INFO 2020-07-09 18:46:03,018 basehttp 124 "GET /xadmin/jsi18n/ HTTP/1.1" 200 7684
INFO 2020-07-09 18:46:32,082 basehttp 124 "GET /xadmin/home/banner/ HTTP/1.1" 200 25087
INFO 2020-07-09 18:46:34,114 basehttp 124 "GET /xadmin/jsi18n/ HTTP/1.1" 200 7684
INFO 2020-07-09 18:46:38,155 basehttp 124 "GET /xadmin/home/banner/add/ HTTP/1.1" 200 20623
INFO 2020-07-09 18:46:40,193 basehttp 124 "GET /xadmin/jsi18n/ HTTP/1.1" 200 7684
INFO 2020-07-09 18:48:46,272 basehttp 124 "POST /xadmin/home/banner/add/ HTTP/1.1" 302 0
INFO 2020-07-09 18:48:48,333 basehttp 124 "GET /xadmin/home/banner/add/ HTTP/1.1" 200 20963
INFO 2020-07-09 18:48:50,368 basehttp 124 "GET /xadmin/jsi18n/ HTTP/1.1" 200 7684
INFO 2020-07-09 18:49:26,187 basehttp 124 "POST /xadmin/home/banner/add/ HTTP/1.1" 302 0
INFO 2020-07-09 18:49:28,311 basehttp 124 "GET /xadmin/home/banner/add/ HTTP/1.1" 200 20969
INFO 2020-07-09 18:49:30,370 basehttp 124 "GET /xadmin/jsi18n/ HTTP/1.1" 200 7684
INFO 2020-07-09 18:49:51,446 basehttp 124 "POST /xadmin/home/banner/add/ HTTP/1.1" 302 0
INFO 2020-07-09 18:49:53,651 basehttp 124 "GET /xadmin/home/banner/ HTTP/1.1" 200 30298
INFO 2020-07-09 18:49:55,703 basehttp 124 "GET /xadmin/jsi18n/ HTTP/1.1" 200 7684
INFO 2020-07-09 18:50:13,512 basehttp 124 "GET /home/banner/ HTTP/1.1" 200 310
INFO 2020-07-09 18:50:13,522 basehttp 124 "GET /home/navd/ HTTP/1.1" 200 2
INFO 2020-07-09 18:50:13,523 basehttp 124 "GET /home/navu/ HTTP/1.1" 200 2
INFO 2020-07-09 18:50:13,553 basehttp 124 "GET /media/banner/02_bPnt8h6.png HTTP/1.1" 200 364808
INFO 2020-07-09 18:50:13,565 basehttp 124 "GET /media/banner/03_vZzxxQf.png HTTP/1.1" 200 745382
INFO 2020-07-09 18:50:13,629 basehttp 124 "GET /media/banner/01_LFpdlsC.png HTTP/1.1" 200 737783
INFO 2020-07-09 18:50:22,439 basehttp 124 "GET /home/navu/ HTTP/1.1" 200 2
INFO 2020-07-09 18:50:22,451 basehttp 124 "GET /home/banner/ HTTP/1.1" 200 310
INFO 2020-07-09 18:50:22,463 basehttp 124 "GET /home/navd/ HTTP/1.1" 200 2
INFO 2020-07-09 18:50:37,796 basehttp 124 "GET /xadmin/home/nav/ HTTP/1.1" 200 25731
INFO 2020-07-09 18:50:39,846 basehttp 124 "GET /xadmin/jsi18n/ HTTP/1.1" 200 7684
INFO 2020-07-09 18:50:44,710 basehttp 124 "GET /xadmin/home/nav/add/ HTTP/1.1" 200 19939
INFO 2020-07-09 18:50:44,736 basehttp 124 "GET /static/xadmin/vendor/select2/select2.css HTTP/1.1" 304 0
INFO 2020-07-09 18:50:44,737 basehttp 124 "GET /static/xadmin/vendor/selectize/selectize.css HTTP/1.1" 304 0
INFO 2020-07-09 18:50:44,743 basehttp 124 "GET /static/xadmin/vendor/selectize/selectize.bootstrap3.css HTTP/1.1" 304 0
INFO 2020-07-09 18:50:44,746 basehttp 124 "GET /static/xadmin/vendor/selectize/selectize.js HTTP/1.1" 304 0
INFO 2020-07-09 18:50:44,746 basehttp 124 "GET /static/xadmin/vendor/select2/select2.js HTTP/1.1" 304 0
INFO 2020-07-09 18:50:44,747 basehttp 124 "GET /static/xadmin/vendor/select2/select2_locale_zh-hans.js HTTP/1.1" 304 0
INFO 2020-07-09 18:50:44,747 basehttp 124 "GET /static/xadmin/js/xadmin.widget.select.js HTTP/1.1" 304 0
INFO 2020-07-09 18:50:46,774 basehttp 124 "GET /xadmin/jsi18n/ HTTP/1.1" 200 7684
INFO 2020-07-09 18:53:10,705 basehttp 124 "POST /xadmin/home/nav/add/ HTTP/1.1" 302 0
INFO 2020-07-09 18:53:12,796 basehttp 124 "GET /xadmin/home/nav/add/ HTTP/1.1" 200 20286
INFO 2020-07-09 18:53:14,845 basehttp 124 "GET /xadmin/jsi18n/ HTTP/1.1" 200 7684
INFO 2020-07-09 18:53:37,205 basehttp 124 "POST /xadmin/home/nav/add/ HTTP/1.1" 302 0
INFO 2020-07-09 18:53:39,384 basehttp 124 "GET /xadmin/home/nav/add/ HTTP/1.1" 200 20279
INFO 2020-07-09 18:53:41,419 basehttp 124 "GET /xadmin/jsi18n/ HTTP/1.1" 200 7684
INFO 2020-07-09 18:54:05,169 basehttp 124 "POST /xadmin/home/nav/add/ HTTP/1.1" 302 0
INFO 2020-07-09 18:54:07,291 basehttp 124 "GET /xadmin/home/nav/add/ HTTP/1.1" 200 20282
INFO 2020-07-09 18:54:09,337 basehttp 124 "GET /xadmin/jsi18n/ HTTP/1.1" 200 7684
INFO 2020-07-09 18:54:33,239 basehttp 124 "POST /xadmin/home/nav/add/ HTTP/1.1" 302 0
INFO 2020-07-09 18:54:35,323 basehttp 124 "GET /xadmin/home/nav/add/ HTTP/1.1" 200 20291
INFO 2020-07-09 18:54:37,381 basehttp 124 "GET /xadmin/jsi18n/ HTTP/1.1" 200 7684
INFO 2020-07-09 18:54:54,655 basehttp 124 "POST /xadmin/home/nav/add/ HTTP/1.1" 302 0
INFO 2020-07-09 18:54:56,769 basehttp 124 "GET /xadmin/home/nav/add/ HTTP/1.1" 200 20282
INFO 2020-07-09 18:54:58,821 basehttp 124 "GET /xadmin/jsi18n/ HTTP/1.1" 200 7684
INFO 2020-07-09 18:55:43,578 basehttp 124 "POST /xadmin/home/nav/add/ HTTP/1.1" 302 0
INFO 2020-07-09 18:55:45,685 basehttp 124 "GET /xadmin/home/nav/add/ HTTP/1.1" 200 20282
INFO 2020-07-09 18:55:47,732 basehttp 124 "GET /xadmin/jsi18n/ HTTP/1.1" 200 7684
INFO 2020-07-09 18:56:07,255 basehttp 124 "POST /xadmin/home/nav/add/ HTTP/1.1" 302 0
INFO 2020-07-09 18:56:09,338 basehttp 124 "GET /xadmin/home/nav/add/ HTTP/1.1" 200 20282
INFO 2020-07-09 18:56:11,382 basehttp 124 "GET /xadmin/jsi18n/ HTTP/1.1" 200 7684
INFO 2020-07-09 18:56:26,609 basehttp 124 "POST /xadmin/home/nav/add/ HTTP/1.1" 302 0
INFO 2020-07-09 18:56:28,736 basehttp 124 "GET /xadmin/home/nav/add/ HTTP/1.1" 200 20282
INFO 2020-07-09 18:56:30,788 basehttp 124 "GET /xadmin/jsi18n/ HTTP/1.1" 200 7684
INFO 2020-07-09 18:56:43,809 basehttp 124 "POST /xadmin/home/nav/add/ HTTP/1.1" 302 0
INFO 2020-07-09 18:56:45,955 basehttp 124 "GET /xadmin/home/nav/add/ HTTP/1.1" 200 20282
INFO 2020-07-09 18:56:47,997 basehttp 124 "GET /xadmin/jsi18n/ HTTP/1.1" 200 7684
INFO 2020-07-09 18:57:01,258 basehttp 124 "POST /xadmin/home/nav/add/ HTTP/1.1" 302 0
INFO 2020-07-09 18:57:03,414 basehttp 124 "GET /xadmin/home/nav/add/ HTTP/1.1" 200 20283
INFO 2020-07-09 18:57:05,457 basehttp 124 "GET /xadmin/jsi18n/ HTTP/1.1" 200 7684
INFO 2020-07-09 18:57:22,817 basehttp 124 "POST /xadmin/home/nav/add/ HTTP/1.1" 302 0
INFO 2020-07-09 18:57:24,956 basehttp 124 "GET /xadmin/home/nav/ HTTP/1.1" 200 37290
INFO 2020-07-09 18:57:26,990 basehttp 124 "GET /xadmin/jsi18n/ HTTP/1.1" 200 7684
INFO 2020-07-09 18:57:48,312 basehttp 124 "GET /xadmin/home/banner/ HTTP/1.1" 200 30000
INFO 2020-07-09 18:57:50,349 basehttp 124 "GET /xadmin/jsi18n/ HTTP/1.1" 200 7684
INFO 2020-07-09 18:57:59,796 basehttp 124 "GET /home/navu/ HTTP/1.1" 200 336
INFO 2020-07-09 18:57:59,813 basehttp 124 "GET /home/banner/ HTTP/1.1" 200 310
INFO 2020-07-09 18:57:59,814 basehttp 124 "GET /home/navd/ HTTP/1.1" 200 391
INFO 2020-07-09 18:57:59,855 basehttp 124 "GET /media/banner/02_bPnt8h6.png HTTP/1.1" 304 0
INFO 2020-07-09 18:57:59,855 basehttp 124 "GET /media/banner/03_vZzxxQf.png HTTP/1.1" 304 0
INFO 2020-07-09 18:57:59,857 basehttp 124 "GET /media/banner/01_LFpdlsC.png HTTP/1.1" 304 0
INFO 2020-07-09 18:58:07,298 basehttp 124 "GET /home/navu/ HTTP/1.1" 200 336
INFO 2020-07-09 18:58:07,308 basehttp 124 "GET /home/banner/ HTTP/1.1" 200 310
INFO 2020-07-09 18:58:07,319 basehttp 124 "GET /home/navd/ HTTP/1.1" 200 391
INFO 2020-07-09 19:21:00,263 basehttp 124 "GET /user/login HTTP/1.1" 301 0
WARNING 2020-07-09 19:21:00,370 basehttp 124 "GET /user/login/ HTTP/1.1" 405 7689
INFO 2020-07-09 19:21:30,505 basehttp 124 "POST /user/login/ HTTP/1.1" 200 7825
INFO 2020-07-09 19:47:25,711 basehttp 124 "OPTIONS /user/login/ HTTP/1.1" 200 0
INFO 2020-07-09 19:47:27,796 basehttp 124 "POST /user/login/ HTTP/1.1" 200 196
INFO 2020-07-09 19:47:47,247 basehttp 124 "POST /user/login/ HTTP/1.1" 200 196
INFO 2020-07-09 20:12:14,247 basehttp 124 "POST /user/login/ HTTP/1.1" 200 196
WARNING 2020-07-09 20:12:21,962 basehttp 124 "POST /user/login/ HTTP/1.1" 400 67
INFO 2020-07-09 20:12:30,009 basehttp 124 "POST /user/login/ HTTP/1.1" 200 196
INFO 2020-07-09 20:13:49,854 basehttp 124 "POST /user/login/ HTTP/1.1" 200 196
INFO 2020-07-09 20:13:51,943 basehttp 124 "GET /home/banner/ HTTP/1.1" 200 310
INFO 2020-07-09 20:13:51,944 basehttp 124 "GET /home/navu/ HTTP/1.1" 200 336
INFO 2020-07-09 20:13:51,954 basehttp 124 "GET /home/navd/ HTTP/1.1" 200 391
INFO 2020-07-09 20:13:51,990 basehttp 124 "GET /media/banner/02_bPnt8h6.png HTTP/1.1" 304 0
INFO 2020-07-09 20:13:51,991 basehttp 124 "GET /media/banner/03_vZzxxQf.png HTTP/1.1" 304 0
INFO 2020-07-09 20:13:51,997 basehttp 124 "GET /media/banner/01_LFpdlsC.png HTTP/1.1" 304 0
INFO 2020-07-09 20:14:07,779 basehttp 124 "POST /user/login/ HTTP/1.1" 200 196
INFO 2020-07-09 20:14:09,818 basehttp 124 "GET /home/navu/ HTTP/1.1" 200 336
INFO 2020-07-09 20:14:09,828 basehttp 124 "GET /home/banner/ HTTP/1.1" 200 310
INFO 2020-07-09 20:14:09,828 basehttp 124 "GET /home/navd/ HTTP/1.1" 200 391
INFO 2020-07-09 20:14:18,108 basehttp 124 "GET /home/navu/ HTTP/1.1" 200 336
INFO 2020-07-09 20:14:18,113 basehttp 124 "GET /home/navd/ HTTP/1.1" 200 391
INFO 2020-07-09 20:14:18,123 basehttp 124 "GET /home/banner/ HTTP/1.1" 200 310
INFO 2020-07-09 20:19:15,502 basehttp 124 "POST /user/login/ HTTP/1.1" 200 196
INFO 2020-07-09 20:19:17,555 basehttp 124 "GET /home/navu/ HTTP/1.1" 200 336
INFO 2020-07-09 20:19:17,571 basehttp 124 "GET /home/navd/ HTTP/1.1" 200 391
INFO 2020-07-09 20:19:17,574 basehttp 124 "GET /home/banner/ HTTP/1.1" 200 310
INFO 2020-07-09 20:30:25,888 basehttp 124 "POST /user/login/ HTTP/1.1" 200 196
INFO 2020-07-09 20:30:27,946 basehttp 124 "GET /home/banner/ HTTP/1.1" 200 310
INFO 2020-07-09 20:30:27,949 basehttp 124 "GET /home/navu/ HTTP/1.1" 200 336
INFO 2020-07-09 20:30:27,957 basehttp 124 "GET /home/navd/ HTTP/1.1" 200 391
INFO 2020-07-09 20:30:56,010 basehttp 124 "POST /user/login/ HTTP/1.1" 200 196
INFO 2020-07-09 20:30:58,054 basehttp 124 "GET /home/banner/ HTTP/1.1" 200 310
INFO 2020-07-09 20:30:58,072 basehttp 124 "GET /home/navu/ HTTP/1.1" 200 336
INFO 2020-07-09 20:30:58,104 basehttp 124 "GET /home/navd/ HTTP/1.1" 200 391
INFO 2020-07-09 20:32:27,557 basehttp 124 "GET /home/navu/ HTTP/1.1" 200 336
INFO 2020-07-09 20:32:27,573 basehttp 124 "GET /home/banner/ HTTP/1.1" 200 310
INFO 2020-07-09 20:32:27,577 basehttp 124 "GET /home/navd/ HTTP/1.1" 200 391
INFO 2020-07-09 20:32:35,385 basehttp 124 "POST /user/login/ HTTP/1.1" 200 196
INFO 2020-07-09 20:32:37,446 basehttp 124 "GET /home/navu/ HTTP/1.1" 200 336
INFO 2020-07-09 20:32:37,447 basehttp 124 "GET /home/navd/ HTTP/1.1" 200 391
INFO 2020-07-09 20:32:37,471 basehttp 124 "GET /home/banner/ HTTP/1.1" 200 310
INFO 2020-07-09 20:41:33,470 basehttp 124 "POST /user/login/ HTTP/1.1" 200 227
INFO 2020-07-09 20:41:35,519 basehttp 124 "GET /home/navu/ HTTP/1.1" 200 336
INFO 2020-07-09 20:41:35,533 basehttp 124 "GET /home/banner/ HTTP/1.1" 200 310
INFO 2020-07-09 20:41:35,535 basehttp 124 "GET /home/navd/ HTTP/1.1" 200 391
INFO 2020-07-09 21:00:50,703 basehttp 124 "POST /user/login/ HTTP/1.1" 200 227
INFO 2020-07-09 21:00:52,782 basehttp 124 "GET /home/navd/ HTTP/1.1" 200 391
INFO 2020-07-09 21:00:52,789 basehttp 124 "GET /home/banner/ HTTP/1.1" 200 310
INFO 2020-07-09 21:00:52,795 basehttp 124 "GET /home/navu/ HTTP/1.1" 200 336
INFO 2020-07-09 21:06:33,435 basehttp 124 "POST /user/login/ HTTP/1.1" 200 227
INFO 2020-07-09 21:06:43,965 basehttp 124 "POST /user/login/ HTTP/1.1" 200 227
INFO 2020-07-09 21:06:53,011 basehttp 124 "POST /user/login/ HTTP/1.1" 200 227
INFO 2020-07-09 21:07:48,335 basehttp 124 "POST /user/login/ HTTP/1.1" 200 227
INFO 2020-07-09 21:07:57,385 basehttp 124 "POST /user/login/ HTTP/1.1" 200 227
INFO 2020-07-09 21:09:04,904 basehttp 124 "POST /user/login/ HTTP/1.1" 200 227
INFO 2020-07-09 21:09:06,983 basehttp 124 "GET /home/banner/ HTTP/1.1" 200 310
INFO 2020-07-09 21:09:06,989 basehttp 124 "GET /home/navu/ HTTP/1.1" 200 336
INFO 2020-07-09 21:09:06,998 basehttp 124 "GET /home/navd/ HTTP/1.1" 200 391
INFO 2020-07-09 21:09:07,006 basehttp 124 "GET /media/banner/03_vZzxxQf.png HTTP/1.1" 304 0
INFO 2020-07-09 21:09:07,011 basehttp 124 "GET /media/banner/01_LFpdlsC.png HTTP/1.1" 304 0
INFO 2020-07-09 21:09:07,013 basehttp 124 "GET /media/banner/02_bPnt8h6.png HTTP/1.1" 304 0
INFO 2020-07-09 21:09:27,399 basehttp 124 "POST /user/login/ HTTP/1.1" 200 227
INFO 2020-07-09 21:09:29,454 basehttp 124 "GET /home/navu/ HTTP/1.1" 200 336
INFO 2020-07-09 21:09:29,455 basehttp 124 "GET /home/banner/ HTTP/1.1" 200 310
INFO 2020-07-09 21:09:29,463 basehttp 124 "GET /home/navd/ HTTP/1.1" 200 391
INFO 2020-07-09 21:09:41,333 basehttp 124 "POST /user/login/ HTTP/1.1" 200 227
INFO 2020-07-09 21:09:43,375 basehttp 124 "GET /home/navu/ HTTP/1.1" 200 336
INFO 2020-07-09 21:09:43,380 basehttp 124 "GET /home/banner/ HTTP/1.1" 200 310
INFO 2020-07-09 21:09:43,389 basehttp 124 "GET /home/navd/ HTTP/1.1" 200 391
INFO 2020-07-09 21:14:38,413 basehttp 124 "GET /xadmin/user/userinfo/ HTTP/1.1" 200 35456
INFO 2020-07-09 21:14:38,462 basehttp 124 "GET /static/xadmin/vendor/bootstrap/css/bootstrap.css HTTP/1.1" 304 0
INFO 2020-07-09 21:14:38,475 basehttp 124 "GET /static/xadmin/css/themes/bootstrap-xadmin.css HTTP/1.1" 304 0
INFO 2020-07-09 21:14:38,478 basehttp 124 "GET /static/xadmin/css/xadmin.main.css HTTP/1.1" 304 0
INFO 2020-07-09 21:14:38,480 basehttp 124 "GET /static/xadmin/css/xadmin.plugins.css HTTP/1.1" 304 0
INFO 2020-07-09 21:14:38,481 basehttp 124 "GET /static/xadmin/vendor/font-awesome/css/font-awesome.css HTTP/1.1" 304 0
INFO 2020-07-09 21:14:38,486 basehttp 124 "GET /static/xadmin/css/xadmin.form.css HTTP/1.1" 304 0
INFO 2020-07-09 21:14:38,497 basehttp 124 "GET /static/xadmin/vendor/jquery-ui/jquery.ui.widget.js HTTP/1.1" 304 0
INFO 2020-07-09 21:14:38,498 basehttp 124 "GET /static/xadmin/css/xadmin.responsive.css HTTP/1.1" 304 0
INFO 2020-07-09 21:14:38,500 basehttp 124 "GET /static/xadmin/vendor/jquery-ui/jquery.ui.mouse.js HTTP/1.1" 304 0
INFO 2020-07-09 21:14:38,501 basehttp 124 "GET /static/xadmin/vendor/bootstrap/js/bootstrap.js HTTP/1.1" 304 0
INFO 2020-07-09 21:14:38,506 basehttp 124 "GET /static/xadmin/vendor/jquery-ui/jquery.ui.sortable.js HTTP/1.1" 304 0
INFO 2020-07-09 21:14:38,511 basehttp 124 "GET /static/xadmin/vendor/jquery-ui/jquery.ui.effect.js HTTP/1.1" 304 0
INFO 2020-07-09 21:14:38,512 basehttp 124 "GET /static/xadmin/js/xadmin.responsive.js HTTP/1.1" 304 0
INFO 2020-07-09 21:14:38,521 basehttp 124 "GET /static/xadmin/js/xadmin.plugin.themes.js HTTP/1.1" 304 0
INFO 2020-07-09 21:14:38,523 basehttp 124 "GET /static/xadmin/js/xadmin.plugin.details.js HTTP/1.1" 304 0
INFO 2020-07-09 21:14:38,526 basehttp 124 "GET /static/xadmin/js/xadmin.plugin.bookmark.js HTTP/1.1" 304 0
INFO 2020-07-09 21:14:38,530 basehttp 124 "GET /static/xadmin/js/xadmin.page.list.js HTTP/1.1" 304 0
INFO 2020-07-09 21:14:38,541 basehttp 124 "GET /static/xadmin/js/xadmin.plugin.filters.js HTTP/1.1" 304 0
INFO 2020-07-09 21:14:38,542 basehttp 124 "GET /static/xadmin/js/xadmin.page.form.js HTTP/1.1" 304 0
INFO 2020-07-09 21:14:38,542 basehttp 124 "GET /static/xadmin/js/xadmin.main.js HTTP/1.1" 304 0
INFO 2020-07-09 21:14:38,547 basehttp 124 "GET /static/xadmin/js/xadmin.plugin.actions.js HTTP/1.1" 304 0
INFO 2020-07-09 21:14:38,553 basehttp 124 "GET /static/xadmin/vendor/jquery/jquery.js HTTP/1.1" 304 0
INFO 2020-07-09 21:14:38,554 basehttp 124 "GET /static/xadmin/vendor/jquery-ui/jquery.ui.core.js HTTP/1.1" 304 0
INFO 2020-07-09 21:14:40,513 basehttp 124 "GET /xadmin/jsi18n/ HTTP/1.1" 200 7684
INFO 2020-07-09 21:14:40,653 basehttp 124 "GET /static/xadmin/vendor/font-awesome/fonts/fontawesome-webfont.woff?v=4.0.3 HTTP/1.1" 304 0
INFO 2020-07-09 21:14:47,737 basehttp 124 "GET /xadmin/user/userinfo/1/update/ HTTP/1.1" 200 32085
INFO 2020-07-09 21:14:47,773 basehttp 124 "GET /static/xadmin/vendor/bootstrap-image-gallery/css/bootstrap-image-gallery.css HTTP/1.1" 304 0
INFO 2020-07-09 21:14:47,778 basehttp 124 "GET /static/xadmin/vendor/bootstrap-datepicker/css/datepicker.css HTTP/1.1" 304 0
INFO 2020-07-09 21:14:47,783 basehttp 124 "GET /static/xadmin/vendor/bootstrap-clockpicker/bootstrap-clockpicker.css HTTP/1.1" 304 0
INFO 2020-07-09 21:14:47,793 basehttp 124 "GET /static/xadmin/css/xadmin.widget.select-transfer.css HTTP/1.1" 304 0
INFO 2020-07-09 21:14:47,794 basehttp 124 "GET /static/xadmin/vendor/load-image/load-image.js HTTP/1.1" 304 0
INFO 2020-07-09 21:14:47,795 basehttp 124 "GET /static/xadmin/vendor/bootstrap-clockpicker/bootstrap-clockpicker.js HTTP/1.1" 304 0
INFO 2020-07-09 21:14:47,796 basehttp 124 "GET /static/xadmin/js/xadmin.plugin.portal.js HTTP/1.1" 304 0
INFO 2020-07-09 21:14:47,797 basehttp 124 "GET /static/xadmin/js/xadmin.widget.select-transfer.js HTTP/1.1" 304 0
INFO 2020-07-09 21:14:47,814 basehttp 124 "GET /static/xadmin/vendor/bootstrap-image-gallery/js/bootstrap-image-gallery.js HTTP/1.1" 304 0
INFO 2020-07-09 21:14:47,815 basehttp 124 "GET /static/xadmin/js/xadmin.plugin.quick-form.js HTTP/1.1" 304 0
INFO 2020-07-09 21:14:47,818 basehttp 124 "GET /static/xadmin/js/xadmin.widget.datetime.js HTTP/1.1" 304 0
INFO 2020-07-09 21:14:47,819 basehttp 124 "GET /static/xadmin/vendor/bootstrap-datepicker/js/bootstrap-datepicker.js HTTP/1.1" 304 0
INFO 2020-07-09 21:14:49,802 basehttp 124 "GET /xadmin/jsi18n/ HTTP/1.1" 200 7684
INFO 2020-07-09 21:15:53,371 basehttp 124 "POST /xadmin/user/userinfo/1/update/ HTTP/1.1" 302 0
INFO 2020-07-09 21:15:55,478 basehttp 124 "GET /xadmin/user/userinfo/ HTTP/1.1" 200 35684
INFO 2020-07-09 21:15:57,525 basehttp 124 "GET /xadmin/jsi18n/ HTTP/1.1" 200 7684
INFO 2020-07-09 21:29:09,119 basehttp 124 "POST /user/login/ HTTP/1.1" 200 227
INFO 2020-07-09 21:29:11,187 basehttp 124 "GET /home/navu/ HTTP/1.1" 200 336
INFO 2020-07-09 21:29:11,187 basehttp 124 "GET /home/navd/ HTTP/1.1" 200 391
INFO 2020-07-09 21:29:11,198 basehttp 124 "GET /home/banner/ HTTP/1.1" 200 310
INFO 2020-07-09 21:29:11,214 basehttp 124 "GET /media/banner/03_vZzxxQf.png HTTP/1.1" 304 0
INFO 2020-07-09 21:29:11,214 basehttp 124 "GET /media/banner/02_bPnt8h6.png HTTP/1.1" 304 0
INFO 2020-07-09 21:29:11,216 basehttp 124 "GET /media/banner/01_LFpdlsC.png HTTP/1.1" 304 0
INFO 2020-07-09 21:31:07,496 basehttp 124 "POST /user/login/ HTTP/1.1" 200 227
INFO 2020-07-09 21:31:09,561 basehttp 124 "GET /home/navu/ HTTP/1.1" 200 336
INFO 2020-07-09 21:31:09,575 basehttp 124 "GET /home/navd/ HTTP/1.1" 200 391
INFO 2020-07-09 21:31:09,582 basehttp 124 "GET /home/banner/ HTTP/1.1" 200 310
INFO 2020-07-09 21:32:35,519 basehttp 124 "POST /user/login/ HTTP/1.1" 200 227
INFO 2020-07-09 21:32:37,581 basehttp 124 "GET /home/navd/ HTTP/1.1" 200 391
INFO 2020-07-09 21:32:37,590 basehttp 124 "GET /home/banner/ HTTP/1.1" 200 310
INFO 2020-07-09 21:32:37,601 basehttp 124 "GET /home/navu/ HTTP/1.1" 200 336
INFO 2020-07-09 22:18:58,659 basehttp 124 "OPTIONS /user/login/ HTTP/1.1" 200 0
INFO 2020-07-09 22:19:00,792 basehttp 124 "POST /user/login/ HTTP/1.1" 200 227
INFO 2020-07-09 22:19:02,873 basehttp 124 "GET /home/navu/ HTTP/1.1" 200 336
INFO 2020-07-09 22:19:02,874 basehttp 124 "GET /home/banner/ HTTP/1.1" 200 310
INFO 2020-07-09 22:19:02,874 basehttp 124 "GET /home/navd/ HTTP/1.1" 200 391
INFO 2020-07-09 22:19:02,915 basehttp 124 "GET /media/banner/02_bPnt8h6.png HTTP/1.1" 304 0
INFO 2020-07-09 22:19:02,917 basehttp 124 "GET /media/banner/03_vZzxxQf.png HTTP/1.1" 304 0
INFO 2020-07-09 22:19:02,918 basehttp 124 "GET /media/banner/01_LFpdlsC.png HTTP/1.1" 304 0
INFO 2020-07-09 22:19:12,445 basehttp 124 "POST /user/login/ HTTP/1.1" 200 227
INFO 2020-07-09 22:19:14,496 basehttp 124 "GET /home/navu/ HTTP/1.1" 200 336
INFO 2020-07-09 22:19:14,512 basehttp 124 "GET /home/banner/ HTTP/1.1" 200 310
INFO 2020-07-09 22:19:14,513 basehttp 124 "GET /home/navd/ HTTP/1.1" 200 391
INFO 2020-07-09 22:26:40,593 basehttp 124 "GET /home/navu/ HTTP/1.1" 200 336
INFO 2020-07-09 22:28:00,045 basehttp 124 "GET /home/navu/ HTTP/1.1" 200 336
INFO 2020-07-09 22:29:27,442 basehttp 124 "GET /home/navu/ HTTP/1.1" 200 336
INFO 2020-07-09 22:33:18,375 basehttp 124 "GET /home/navu/ HTTP/1.1" 200 336
INFO 2020-07-09 22:33:21,807 basehttp 124 "GET /home/banner/ HTTP/1.1" 200 310
INFO 2020-07-09 22:33:21,818 basehttp 124 "GET /home/navu/ HTTP/1.1" 200 336
INFO 2020-07-09 22:33:21,823 basehttp 124 "GET /home/navd/ HTTP/1.1" 200 391
INFO 2020-07-09 22:33:56,456 basehttp 124 "POST /user/login/ HTTP/1.1" 200 227
INFO 2020-07-09 22:33:58,554 basehttp 124 "GET /home/navu/ HTTP/1.1" 200 336
INFO 2020-07-09 22:33:58,554 basehttp 124 "GET /home/navd/ HTTP/1.1" 200 391
INFO 2020-07-09 22:33:58,562 basehttp 124 "GET /home/banner/ HTTP/1.1" 200 310
INFO 2020-07-09 22:34:23,567 basehttp 124 "GET /home/navu/ HTTP/1.1" 200 336
ERROR 2020-07-09 22:34:23,579 basehttp 124 "GET /home/navu/ HTTP/1.1" 500 59
INFO 2020-07-09 22:34:24,862 basehttp 124 "GET /home/navd/ HTTP/1.1" 200 391
INFO 2020-07-09 22:34:24,919 basehttp 124 "GET /home/banner/ HTTP/1.1" 200 310
INFO 2020-07-09 22:34:24,931 basehttp 124 "GET /home/navu/ HTTP/1.1" 200 336
INFO 2020-07-09 22:34:36,537 basehttp 124 "POST /user/login/ HTTP/1.1" 200 227
INFO 2020-07-09 22:34:38,593 basehttp 124 "GET /home/banner/ HTTP/1.1" 200 310
INFO 2020-07-09 22:34:38,594 basehttp 124 "GET /home/navu/ HTTP/1.1" 200 336
INFO 2020-07-09 22:34:38,602 basehttp 124 "GET /home/navd/ HTTP/1.1" 200 391
INFO 2020-07-09 22:36:04,391 basehttp 124 "GET /home/navu/ HTTP/1.1" 200 336
INFO 2020-07-09 22:36:17,214 basehttp 124 "POST /user/login/ HTTP/1.1" 200 227
INFO 2020-07-09 22:36:19,259 basehttp 124 "GET /home/navu/ HTTP/1.1" 200 336
INFO 2020-07-09 22:36:19,265 basehttp 124 "GET /home/navd/ HTTP/1.1" 200 391
INFO 2020-07-09 22:36:19,272 basehttp 124 "GET /home/banner/ HTTP/1.1" 200 310
INFO 2020-07-09 22:37:15,543 basehttp 124 "GET /home/navu/ HTTP/1.1" 200 336
ERROR 2020-07-09 22:37:15,543 basehttp 124 "GET /home/navu/ HTTP/1.1" 500 59
INFO 2020-07-09 22:37:17,611 basehttp 124 "GET /home/banner/ HTTP/1.1" 200 310
INFO 2020-07-09 22:37:17,622 basehttp 124 "GET /home/navd/ HTTP/1.1" 200 391
INFO 2020-07-09 22:37:17,631 basehttp 124 "GET /home/navu/ HTTP/1.1" 200 336
INFO 2020-07-09 22:37:30,591 basehttp 124 "GET /home/navu/ HTTP/1.1" 200 336
ERROR 2020-07-09 22:37:30,593 basehttp 124 "GET /home/navu/ HTTP/1.1" 500 59
INFO 2020-07-09 22:37:31,740 basehttp 124 "GET /home/navu/ HTTP/1.1" 200 336
INFO 2020-07-09 22:37:31,761 basehttp 124 "GET /home/banner/ HTTP/1.1" 200 310
INFO 2020-07-09 22:37:31,761 basehttp 124 "GET /home/navd/ HTTP/1.1" 200 391
INFO 2020-07-09 22:38:53,837 basehttp 124 "GET /home/navu/ HTTP/1.1" 200 336
ERROR 2020-07-09 22:38:53,837 basehttp 124 "GET /home/navu/ HTTP/1.1" 500 59
INFO 2020-07-09 22:38:55,710 basehttp 124 "GET /home/navu/ HTTP/1.1" 200 336
INFO 2020-07-09 22:38:55,723 basehttp 124 "GET /home/banner/ HTTP/1.1" 200 310
INFO 2020-07-09 22:38:55,751 basehttp 124 "GET /home/navd/ HTTP/1.1" 200 391
INFO 2020-07-09 22:39:52,005 basehttp 124 "GET /home/navu/ HTTP/1.1" 200 336
ERROR 2020-07-09 22:39:52,006 basehttp 124 "GET /home/navu/ HTTP/1.1" 500 59
INFO 2020-07-09 22:39:53,454 basehttp 124 "GET /home/banner/ HTTP/1.1" 200 310
INFO 2020-07-09 22:39:53,462 basehttp 124 "GET /home/navu/ HTTP/1.1" 200 336
INFO 2020-07-09 22:39:53,470 basehttp 124 "GET /home/navd/ HTTP/1.1" 200 391
INFO 2020-07-09 22:41:21,146 basehttp 124 "GET /home/navu/ HTTP/1.1" 200 336
INFO 2020-07-09 22:41:26,091 basehttp 124 "GET /home/navd/ HTTP/1.1" 200 391
INFO 2020-07-09 22:41:26,115 basehttp 124 "GET /home/navu/ HTTP/1.1" 200 336
INFO 2020-07-09 22:41:26,115 basehttp 124 "GET /home/banner/ HTTP/1.1" 200 310
INFO 2020-07-09 22:41:26,128 basehttp 124 "GET /media/banner/03_vZzxxQf.png HTTP/1.1" 304 0
INFO 2020-07-09 22:41:26,130 basehttp 124 "GET /media/banner/02_bPnt8h6.png HTTP/1.1" 304 0
INFO 2020-07-09 22:41:26,133 basehttp 124 "GET /media/banner/01_LFpdlsC.png HTTP/1.1" 304 0
INFO 2020-07-09 22:41:45,794 basehttp 124 "GET /home/navu/ HTTP/1.1" 200 336
ERROR 2020-07-09 22:41:45,795 basehttp 124 "GET /home/navu/ HTTP/1.1" 500 59
INFO 2020-07-09 22:41:47,091 basehttp 124 "GET /home/navu/ HTTP/1.1" 200 336
INFO 2020-07-09 22:41:47,102 basehttp 124 "GET /home/banner/ HTTP/1.1" 200 310
INFO 2020-07-09 22:41:47,109 basehttp 124 "GET /home/navd/ HTTP/1.1" 200 391
INFO 2020-07-09 22:42:05,025 basehttp 124 "GET /home/navd/ HTTP/1.1" 200 391
INFO 2020-07-09 22:42:05,037 basehttp 124 "GET /home/banner/ HTTP/1.1" 200 310
INFO 2020-07-09 22:42:05,039 basehttp 124 "GET /home/navu/ HTTP/1.1" 200 336
INFO 2020-07-09 22:42:16,330 basehttp 124 "GET /home/banner/ HTTP/1.1" 200 310
INFO 2020-07-09 22:42:16,331 basehttp 124 "GET /home/navd/ HTTP/1.1" 200 391
INFO 2020-07-09 22:42:16,351 basehttp 124 "GET /home/navu/ HTTP/1.1" 200 336
INFO 2020-07-09 22:43:10,817 basehttp 124 "GET /home/navu/ HTTP/1.1" 200 336
ERROR 2020-07-09 22:43:10,817 basehttp 124 "GET /home/navu/ HTTP/1.1" 500 59
INFO 2020-07-09 22:43:12,582 basehttp 124 "GET /home/banner/ HTTP/1.1" 200 310
INFO 2020-07-09 22:43:12,593 basehttp 124 "GET /home/navu/ HTTP/1.1" 200 336
INFO 2020-07-09 22:43:12,623 basehttp 124 "GET /home/navd/ HTTP/1.1" 200 391
INFO 2020-07-09 22:44:41,117 basehttp 124 "GET /home/banner/ HTTP/1.1" 200 310
INFO 2020-07-09 22:44:41,134 basehttp 124 "GET /home/navd/ HTTP/1.1" 200 391
INFO 2020-07-09 22:44:41,135 basehttp 124 "GET /home/navu/ HTTP/1.1" 200 336
INFO 2020-07-09 22:44:55,269 basehttp 124 "POST /user/login/ HTTP/1.1" 200 227
INFO 2020-07-09 22:44:57,311 basehttp 124 "GET /home/navd/ HTTP/1.1" 200 391
INFO 2020-07-09 22:44:57,322 basehttp 124 "GET /home/navu/ HTTP/1.1" 200 336
INFO 2020-07-09 22:44:57,334 basehttp 124 "GET /home/banner/ HTTP/1.1" 200 310
INFO 2020-07-09 22:45:19,497 basehttp 124 "POST /user/login/ HTTP/1.1" 200 227
INFO 2020-07-09 22:45:21,533 basehttp 124 "GET /home/navd/ HTTP/1.1" 200 391
INFO 2020-07-09 22:45:21,542 basehttp 124 "GET /home/banner/ HTTP/1.1" 200 310
INFO 2020-07-09 22:45:21,542 basehttp 124 "GET /home/navu/ HTTP/1.1" 200 336
INFO 2020-07-09 22:46:44,383 basehttp 124 "GET /home/navu/ HTTP/1.1" 200 336
INFO 2020-07-09 22:46:44,395 basehttp 124 "GET /home/navd/ HTTP/1.1" 200 391
INFO 2020-07-09 22:46:44,397 basehttp 124 "GET /home/banner/ HTTP/1.1" 200 310
INFO 2020-07-09 22:46:49,867 basehttp 124 "GET /home/banner/ HTTP/1.1" 200 310
INFO 2020-07-09 22:46:49,867 basehttp 124 "GET /home/navu/ HTTP/1.1" 200 336
INFO 2020-07-09 22:46:49,874 basehttp 124 "GET /home/navd/ HTTP/1.1" 200 391
INFO 2020-07-09 22:46:54,894 basehttp 124 "GET /home/navd/ HTTP/1.1" 200 391
INFO 2020-07-09 22:46:54,900 basehttp 124 "GET /home/banner/ HTTP/1.1" 200 310
INFO 2020-07-09 22:46:54,906 basehttp 124 "GET /home/navu/ HTTP/1.1" 200 336
INFO 2020-07-09 22:53:23,950 basehttp 124 "GET /home/navu/ HTTP/1.1" 200 336
INFO 2020-07-09 22:53:47,757 basehttp 124 "POST /user/login/ HTTP/1.1" 200 227
INFO 2020-07-09 22:53:49,821 basehttp 124 "GET /home/navu/ HTTP/1.1" 200 336
INFO 2020-07-09 22:53:49,839 basehttp 124 "GET /home/navd/ HTTP/1.1" 200 391
INFO 2020-07-09 22:53:49,851 basehttp 124 "GET /home/banner/ HTTP/1.1" 200 310
INFO 2020-07-09 23:01:27,144 basehttp 124 "POST /user/login/ HTTP/1.1" 200 227
INFO 2020-07-09 23:01:29,230 basehttp 124 "GET /home/navd/ HTTP/1.1" 200 391
INFO 2020-07-09 23:01:29,232 basehttp 124 "GET /home/navu/ HTTP/1.1" 200 336
INFO 2020-07-09 23:01:29,232 basehttp 124 "GET /home/banner/ HTTP/1.1" 200 310
INFO 2020-07-09 23:01:48,221 basehttp 124 "POST /user/login/ HTTP/1.1" 200 227
INFO 2020-07-09 23:01:50,246 basehttp 124 "GET /home/navu/ HTTP/1.1" 200 336
INFO 2020-07-09 23:01:50,267 basehttp 124 "GET /home/navd/ HTTP/1.1" 200 391
INFO 2020-07-09 23:01:50,271 basehttp 124 "GET /home/banner/ HTTP/1.1" 200 310
INFO 2020-07-09 23:25:31,917 basehttp 124 "POST /user/login/ HTTP/1.1" 200 227
INFO 2020-07-09 23:25:34,035 basehttp 124 "GET /home/navu/ HTTP/1.1" 200 336
INFO 2020-07-09 23:25:34,035 basehttp 124 "GET /home/navd/ HTTP/1.1" 200 391
INFO 2020-07-09 23:25:34,042 basehttp 124 "GET /home/banner/ HTTP/1.1" 200 310
INFO 2020-07-09 23:25:34,074 basehttp 124 "GET /media/banner/03_vZzxxQf.png HTTP/1.1" 304 0
INFO 2020-07-09 23:25:34,075 basehttp 124 "GET /media/banner/02_bPnt8h6.png HTTP/1.1" 304 0
INFO 2020-07-09 23:25:34,079 basehttp 124 "GET /media/banner/01_LFpdlsC.png HTTP/1.1" 304 0
INFO 2020-07-09 23:26:09,782 basehttp 124 "POST /user/login/ HTTP/1.1" 200 227
INFO 2020-07-09 23:26:11,838 basehttp 124 "GET /home/navu/ HTTP/1.1" 200 336
INFO 2020-07-09 23:26:11,851 basehttp 124 "GET /home/banner/ HTTP/1.1" 200 310
INFO 2020-07-09 23:26:11,866 basehttp 124 "GET /home/navd/ HTTP/1.1" 200 391
INFO 2020-07-09 23:28:21,957 basehttp 124 "GET /home/navu/ HTTP/1.1" 200 336
INFO 2020-07-09 23:32:41,922 basehttp 124 "GET /home/navu/ HTTP/1.1" 200 336
INFO 2020-07-09 23:32:47,230 basehttp 124 "GET /home/navu/ HTTP/1.1" 200 336
INFO 2020-07-09 23:32:47,240 basehttp 124 "GET /home/banner/ HTTP/1.1" 200 310
INFO 2020-07-09 23:32:47,258 basehttp 124 "GET /home/navd/ HTTP/1.1" 200 391
INFO 2020-07-09 23:33:09,707 basehttp 124 "GET /home/navd/ HTTP/1.1" 200 391
INFO 2020-07-09 23:33:09,716 basehttp 124 "GET /home/banner/ HTTP/1.1" 200 310
INFO 2020-07-09 23:33:09,719 basehttp 124 "GET /home/navu/ HTTP/1.1" 200 336
INFO 2020-07-09 23:33:25,019 basehttp 124 "POST /user/login/ HTTP/1.1" 200 227
INFO 2020-07-09 23:33:27,073 basehttp 124 "GET /home/navd/ HTTP/1.1" 200 391
INFO 2020-07-09 23:33:27,073 basehttp 124 "GET /home/banner/ HTTP/1.1" 200 310
INFO 2020-07-09 23:33:27,082 basehttp 124 "GET /home/navu/ HTTP/1.1" 200 336
INFO 2020-07-09 23:33:32,792 basehttp 124 "GET /home/navd/ HTTP/1.1" 200 391
INFO 2020-07-09 23:33:32,793 basehttp 124 "GET /home/banner/ HTTP/1.1" 200 310
INFO 2020-07-09 23:33:32,794 basehttp 124 "GET /home/navu/ HTTP/1.1" 200 336
INFO 2020-07-09 23:34:34,427 basehttp 124 "GET /home/navu/ HTTP/1.1" 200 336
INFO 2020-07-09 23:34:59,390 basehttp 124 "POST /user/login/ HTTP/1.1" 200 227
INFO 2020-07-09 23:35:01,444 basehttp 124 "GET /home/banner/ HTTP/1.1" 200 310
INFO 2020-07-09 23:35:01,446 basehttp 124 "GET /home/navu/ HTTP/1.1" 200 336
INFO 2020-07-09 23:35:01,449 basehttp 124 "GET /home/navd/ HTTP/1.1" 200 391
INFO 2020-07-09 23:36:07,890 basehttp 124 "GET /home/navu/ HTTP/1.1" 200 336
INFO 2020-07-09 23:36:07,900 basehttp 124 "GET /home/banner/ HTTP/1.1" 200 310
INFO 2020-07-09 23:36:07,910 basehttp 124 "GET /home/navd/ HTTP/1.1" 200 391
INFO 2020-07-09 23:36:29,153 basehttp 124 "POST /user/login/ HTTP/1.1" 200 227
INFO 2020-07-09 23:36:31,203 basehttp 124 "GET /home/banner/ HTTP/1.1" 200 310
INFO 2020-07-09 23:36:31,213 basehttp 124 "GET /home/navd/ HTTP/1.1" 200 391
INFO 2020-07-09 23:36:31,214 basehttp 124 "GET /home/navu/ HTTP/1.1" 200 336
INFO 2020-07-09 23:37:39,263 basehttp 124 "POST /user/login/ HTTP/1.1" 200 227
INFO 2020-07-09 23:37:41,312 basehttp 124 "GET /home/navu/ HTTP/1.1" 200 336
INFO 2020-07-09 23:37:41,325 basehttp 124 "GET /home/navd/ HTTP/1.1" 200 391
INFO 2020-07-09 23:37:41,335 basehttp 124 "GET /home/banner/ HTTP/1.1" 200 310
INFO 2020-07-09 23:38:42,275 basehttp 124 "POST /user/login/ HTTP/1.1" 200 227
INFO 2020-07-09 23:38:44,338 basehttp 124 "GET /home/navu/ HTTP/1.1" 200 336
INFO 2020-07-09 23:38:44,339 basehttp 124 "GET /home/banner/ HTTP/1.1" 200 310
INFO 2020-07-09 23:38:44,342 basehttp 124 "GET /home/navd/ HTTP/1.1" 200 391
INFO 2020-07-10 00:05:26,697 basehttp 124 "GET /user/captcha HTTP/1.1" 301 0
WARNING 2020-07-10 00:05:28,797 basehttp 124 "GET /user/captcha/ HTTP/1.1" 400 6914
INFO 2020-07-10 00:05:28,841 basehttp 124 "GET /static/rest_framework/css/bootstrap.min.css HTTP/1.1" 304 0
INFO 2020-07-10 00:05:28,851 basehttp 124 "GET /static/rest_framework/css/bootstrap-tweaks.css HTTP/1.1" 304 0
INFO 2020-07-10 00:05:28,853 basehttp 124 "GET /static/rest_framework/css/prettify.css HTTP/1.1" 304 0
INFO 2020-07-10 00:05:28,855 basehttp 124 "GET /static/rest_framework/js/jquery-3.4.1.min.js HTTP/1.1" 304 0
INFO 2020-07-10 00:05:28,858 basehttp 124 "GET /static/rest_framework/css/default.css HTTP/1.1" 304 0
INFO 2020-07-10 00:05:28,858 basehttp 124 "GET /static/rest_framework/js/ajax-form.js HTTP/1.1" 304 0
INFO 2020-07-10 00:05:28,861 basehttp 124 "GET /static/rest_framework/js/default.js HTTP/1.1" 304 0
INFO 2020-07-10 00:05:28,861 basehttp 124 "GET /static/rest_framework/js/csrf.js HTTP/1.1" 304 0
INFO 2020-07-10 00:05:28,866 basehttp 124 "GET /static/rest_framework/js/prettify-min.js HTTP/1.1" 304 0
INFO 2020-07-10 00:05:28,866 basehttp 124 "GET /static/rest_framework/js/bootstrap.min.js HTTP/1.1" 304 0
INFO 2020-07-10 00:05:28,903 basehttp 124 "GET /static/rest_framework/img/grid.png HTTP/1.1" 304 0
INFO 2020-07-10 00:05:41,049 basehttp 124 "GET /user/captcha/?username=admin HTTP/1.1" 200 7157
INFO 2020-07-10 00:06:26,328 basehttp 124 "GET /user/captcha/?username=15137410775 HTTP/1.1" 200 7193
WARNING 2020-07-10 00:45:45,055 basehttp 124 "GET /user/captcha/?username=admin1 HTTP/1.1" 400 29
INFO 2020-07-10 00:45:52,989 basehttp 124 "GET /user/captcha/?username=admin HTTP/1.1" 200 140
INFO 2020-07-10 00:45:58,059 basehttp 124 "GET /user/captcha/?username=admin HTTP/1.1" 200 140
INFO 2020-07-10 00:53:08,039 basehttp 124 "GET /user/captcha/?username=admin HTTP/1.1" 200 140
INFO 2020-07-10 00:53:15,822 basehttp 124 "OPTIONS /user/captcha/ HTTP/1.1" 200 0
INFO 2020-07-10 00:53:15,827 basehttp 124 "POST /user/captcha/ HTTP/1.1" 200 17
INFO 2020-07-10 00:53:15,835 basehttp 124 "OPTIONS /user/login/ HTTP/1.1" 200 0
INFO 2020-07-10 00:53:17,914 basehttp 124 "POST /user/login/ HTTP/1.1" 200 227
INFO 2020-07-10 00:53:20,009 basehttp 124 "GET /home/navd/ HTTP/1.1" 200 391
INFO 2020-07-10 00:53:20,022 basehttp 124 "GET /home/navu/ HTTP/1.1" 200 336
INFO 2020-07-10 00:53:20,022 basehttp 124 "GET /home/banner/ HTTP/1.1" 200 310
INFO 2020-07-10 00:53:20,042 basehttp 124 "GET /media/banner/03_vZzxxQf.png HTTP/1.1" 304 0
INFO 2020-07-10 00:53:20,049 basehttp 124 "GET /media/banner/01_LFpdlsC.png HTTP/1.1" 304 0
INFO 2020-07-10 00:53:20,058 basehttp 124 "GET /media/banner/02_bPnt8h6.png HTTP/1.1" 304 0
INFO 2020-07-10 00:55:59,684 basehttp 124 "GET /user/captcha/?username=15137410775 HTTP/1.1" 200 140
INFO 2020-07-10 00:56:05,319 basehttp 124 "POST /user/captcha/ HTTP/1.1" 200 17
INFO 2020-07-10 00:56:07,499 basehttp 124 "POST /user/login/ HTTP/1.1" 200 227
INFO 2020-07-10 00:56:09,578 basehttp 124 "GET /home/banner/ HTTP/1.1" 200 310
INFO 2020-07-10 00:56:09,593 basehttp 124 "GET /home/navu/ HTTP/1.1" 200 336
INFO 2020-07-10 00:56:09,594 basehttp 124 "GET /home/navd/ HTTP/1.1" 200 391
INFO 2020-07-10 00:57:25,631 basehttp 124 "GET /user/captcha/?username=admin HTTP/1.1" 200 140
INFO 2020-07-10 00:57:34,590 basehttp 124 "POST /user/captcha/ HTTP/1.1" 200 17
INFO 2020-07-10 00:57:36,677 basehttp 124 "POST /user/login/ HTTP/1.1" 200 227
INFO 2020-07-10 00:57:38,759 basehttp 124 "GET /home/banner/ HTTP/1.1" 200 310
INFO 2020-07-10 00:57:38,770 basehttp 124 "GET /home/navd/ HTTP/1.1" 200 391
INFO 2020-07-10 00:57:38,773 basehttp 124 "GET /home/navu/ HTTP/1.1" 200 336
INFO 2020-07-10 00:57:59,178 basehttp 124 "GET /user/captcha/?username=admin HTTP/1.1" 200 140
INFO 2020-07-10 00:58:04,737 basehttp 124 "POST /user/captcha/ HTTP/1.1" 200 17
INFO 2020-07-10 00:58:06,842 basehttp 124 "POST /user/login/ HTTP/1.1" 200 227
INFO 2020-07-10 00:58:08,897 basehttp 124 "GET /home/navd/ HTTP/1.1" 200 391
INFO 2020-07-10 00:58:08,897 basehttp 124 "GET /home/banner/ HTTP/1.1" 200 310
INFO 2020-07-10 00:58:08,899 basehttp 124 "GET /home/navu/ HTTP/1.1" 200 336
INFO 2020-07-10 01:00:11,220 basehttp 124 "GET /home/navu/ HTTP/1.1" 200 336
INFO 2020-07-10 01:02:46,899 basehttp 124 "GET /user/captcha/?username=15137410775 HTTP/1.1" 200 140
INFO 2020-07-10 01:02:51,985 basehttp 124 "POST /user/captcha/ HTTP/1.1" 200 17
WARNING 2020-07-10 01:02:54,138 basehttp 124 "POST /user/login/ HTTP/1.1" 400 67
INFO 2020-07-10 01:03:06,134 basehttp 124 "GET /user/captcha/?username=15137410775 HTTP/1.1" 200 140
INFO 2020-07-10 01:03:08,250 basehttp 124 "GET /user/captcha/?username=15137410775 HTTP/1.1" 200 140
INFO 2020-07-10 01:03:11,241 basehttp 124 "POST /user/captcha/ HTTP/1.1" 200 17
INFO 2020-07-10 01:03:13,366 basehttp 124 "POST /user/login/ HTTP/1.1" 200 227
INFO 2020-07-10 01:03:15,418 basehttp 124 "GET /home/navu/ HTTP/1.1" 200 336
INFO 2020-07-10 01:03:15,424 basehttp 124 "GET /home/navd/ HTTP/1.1" 200 391
INFO 2020-07-10 01:03:15,429 basehttp 124 "GET /home/banner/ HTTP/1.1" 200 310
INFO 2020-07-10 01:07:09,606 basehttp 124 "GET /user/captcha/?username=15137410775 HTTP/1.1" 200 140
INFO 2020-07-10 01:07:15,070 basehttp 124 "POST /user/captcha/ HTTP/1.1" 200 17
INFO 2020-07-10 01:07:17,207 basehttp 124 "POST /user/login/ HTTP/1.1" 200 227
INFO 2020-07-10 01:07:19,290 basehttp 124 "GET /home/navd/ HTTP/1.1" 200 391
INFO 2020-07-10 01:07:19,294 basehttp 124 "GET /home/banner/ HTTP/1.1" 200 310
INFO 2020-07-10 01:07:19,299 basehttp 124 "GET /home/navu/ HTTP/1.1" 200 336
INFO 2020-07-10 01:07:23,274 basehttp 124 "GET /home/navu/ HTTP/1.1" 200 336
INFO 2020-07-10 01:07:47,671 basehttp 124 "GET /user/captcha/?username=15137410775 HTTP/1.1" 200 140
INFO 2020-07-10 01:07:53,733 basehttp 124 "POST /user/captcha/ HTTP/1.1" 200 17
INFO 2020-07-10 01:07:55,828 basehttp 124 "POST /user/login/ HTTP/1.1" 200 227
INFO 2020-07-10 01:07:57,870 basehttp 124 "GET /home/navu/ HTTP/1.1" 200 336
INFO 2020-07-10 01:07:57,880 basehttp 124 "GET /home/banner/ HTTP/1.1" 200 310
INFO 2020-07-10 01:07:57,885 basehttp 124 "GET /home/navd/ HTTP/1.1" 200 391
INFO 2020-07-10 01:08:02,788 basehttp 124 "GET /home/navu/ HTTP/1.1" 200 336
INFO 2020-07-10 01:08:15,193 basehttp 124 "GET /user/captcha/?username=admin HTTP/1.1" 200 140
INFO 2020-07-10 01:08:21,925 basehttp 124 "POST /user/captcha/ HTTP/1.1" 200 17
INFO 2020-07-10 01:08:24,050 basehttp 124 "POST /user/login/ HTTP/1.1" 200 227
INFO 2020-07-10 01:08:26,092 basehttp 124 "GET /home/navu/ HTTP/1.1" 200 336
INFO 2020-07-10 01:08:26,098 basehttp 124 "GET /home/banner/ HTTP/1.1" 200 310
INFO 2020-07-10 01:08:26,099 basehttp 124 "GET /home/navd/ HTTP/1.1" 200 391
INFO 2020-07-10 01:08:30,665 basehttp 124 "GET /home/navu/ HTTP/1.1" 200 336
INFO 2020-07-10 01:11:03,318 basehttp 124 "GET /home/navu/ HTTP/1.1" 200 336
INFO 2020-07-10 01:11:03,329 basehttp 124 "GET /home/navd/ HTTP/1.1" 200 391
INFO 2020-07-10 01:11:03,337 basehttp 124 "GET /home/banner/ HTTP/1.1" 200 310
INFO 2020-07-10 01:11:21,563 basehttp 124 "GET /user/captcha/?username=admin HTTP/1.1" 200 140
INFO 2020-07-10 01:11:27,393 basehttp 124 "OPTIONS /user/captcha/ HTTP/1.1" 200 0
INFO 2020-07-10 01:11:27,399 basehttp 124 "POST /user/captcha/ HTTP/1.1" 200 17
INFO 2020-07-10 01:11:27,407 basehttp 124 "OPTIONS /user/login/ HTTP/1.1" 200 0
INFO 2020-07-10 01:11:29,515 basehttp 124 "POST /user/login/ HTTP/1.1" 200 227
INFO 2020-07-10 01:11:31,559 basehttp 124 "GET /home/navd/ HTTP/1.1" 200 391
INFO 2020-07-10 01:11:31,559 basehttp 124 "GET /home/banner/ HTTP/1.1" 200 310
INFO 2020-07-10 01:11:31,568 basehttp 124 "GET /home/navu/ HTTP/1.1" 200 336
INFO 2020-07-10 01:11:39,307 basehttp 124 "GET /home/navu/ HTTP/1.1" 200 336
INFO 2020-07-10 01:12:12,083 basehttp 124 "GET /user/captcha/?username=15137410775 HTTP/1.1" 200 140
INFO 2020-07-10 01:12:19,028 basehttp 124 "POST /user/captcha/ HTTP/1.1" 200 17
INFO 2020-07-10 01:12:21,129 basehttp 124 "POST /user/login/ HTTP/1.1" 200 227
INFO 2020-07-10 01:12:23,177 basehttp 124 "GET /home/navd/ HTTP/1.1" 200 391
INFO 2020-07-10 01:12:23,177 basehttp 124 "GET /home/banner/ HTTP/1.1" 200 310
INFO 2020-07-10 01:12:23,216 basehttp 124 "GET /home/navu/ HTTP/1.1" 200 336
INFO 2020-07-10 01:12:28,761 basehttp 124 "GET /home/navu/ HTTP/1.1" 200 336
